#
# There is insufficient memory for the Java Runtime Environment to continue.
# Native memory allocation (malloc) failed to allocate 1086096 bytes for Chunk::new
# Possible reasons:
#   The system is out of physical RAM or swap space
#   The process is running with CompressedOops enabled, and the Java Heap may be blocking the growth of the native heap
# Possible solutions:
#   Reduce memory load on the system
#   Increase physical memory or swap space
#   Check if swap backing store is full
#   Decrease Java heap size (-Xmx/-Xms)
#   Decrease number of Java threads
#   Decrease Java thread stack sizes (-Xss)
#   Set larger code cache with -XX:ReservedCodeCacheSize=
#   JVM is running with Zero Based Compressed Oops mode in which the Java heap is
#     placed in the first 32GB address space. The Java Heap base address is the
#     maximum limit for the native heap growth. Please use -XX:HeapBaseMinAddress
#     to set the Java Heap base and to place the Java Heap above 32GB virtual address.
# This output file may be truncated or incomplete.
#
#  Out of Memory Error (arena.cpp:189), pid=25280, tid=24468
#
# JRE version: Java(TM) SE Runtime Environment (17.0.8+9) (build 17.0.8+9-LTS-211)
# Java VM: Java HotSpot(TM) 64-Bit Server VM (17.0.8+9-LTS-211, mixed mode, sharing, tiered, compressed oops, compressed class ptrs, g1 gc, windows-amd64)
# No core dump will be written. Minidumps are not enabled by default on client versions of Windows
#

---------------  S U M M A R Y ------------

Command Line: -Dfile.encoding=windows-1252 -Duser.country=AR -Duser.language=es -Duser.variant com.example.BackEndElBuenSabor.BackEndElBuenSaborApplication

Host: AMD Ryzen 5 5600G with Radeon Graphics         , 12 cores, 15G,  Windows 10 , 64 bit Build 19041 (10.0.19041.3636)
Time: Thu May  2 17:29:56 2024 Hora estándar de Argentina elapsed time: 5.281969 seconds (0d 0h 0m 5s)

---------------  T H R E A D  ---------------

Current thread (0x000001ec1168c340):  JavaThread "C2 CompilerThread0" daemon [_thread_in_native, id=24468, stack(0x00000075d2d00000,0x00000075d2e00000)]


Current CompileTask:
C2:   5282 6513   !   4       org.springframework.core.annotation.AnnotationsScanner::processMethodHierarchy (276 bytes)

Stack: [0x00000075d2d00000,0x00000075d2e00000]
Native frames: (J=compiled Java code, j=interpreted, Vv=VM code, C=native code)
V  [jvm.dll+0x677d0a]
V  [jvm.dll+0x7d8c54]
V  [jvm.dll+0x7da3fe]
V  [jvm.dll+0x7daa63]
V  [jvm.dll+0x245c5f]
V  [jvm.dll+0xaaa6b]
V  [jvm.dll+0xab00c]
V  [jvm.dll+0x361e3f]
V  [jvm.dll+0x1bb6f5]
V  [jvm.dll+0x218157]
V  [jvm.dll+0x217431]
V  [jvm.dll+0x1a3af0]
V  [jvm.dll+0x2270be]
V  [jvm.dll+0x22535b]
V  [jvm.dll+0x78e7bc]
V  [jvm.dll+0x788bba]
V  [jvm.dll+0x676b35]
C  [ucrtbase.dll+0x21bb2]
C  [KERNEL32.DLL+0x17344]
C  [ntdll.dll+0x526b1]


---------------  P R O C E S S  ---------------

Threads class SMR info:
_java_thread_list=0x000001ec5bbeabf0, length=21, elements={
0x000001ec6e44c890, 0x000001ec1166faf0, 0x000001ec11670870, 0x000001ec11686a40,
0x000001ec11688510, 0x000001ec1168ade0, 0x000001ec1168b6a0, 0x000001ec1168c340,
0x000001ec11698c20, 0x000001ec1169b530, 0x000001ec117cb180, 0x000001ec117d6cf0,
0x000001ec118affe0, 0x000001ec576e9520, 0x000001ec576f1cf0, 0x000001ec5b464010,
0x000001ec59de0dd0, 0x000001ec5a57eae0, 0x000001ec5a4993f0, 0x000001ec5850d560,
0x000001ec58600f30
}

Java Threads: ( => current thread )
  0x000001ec6e44c890 JavaThread "main" [_thread_blocked, id=11428, stack(0x00000075d2000000,0x00000075d2100000)]
  0x000001ec1166faf0 JavaThread "Reference Handler" daemon [_thread_blocked, id=17116, stack(0x00000075d2700000,0x00000075d2800000)]
  0x000001ec11670870 JavaThread "Finalizer" daemon [_thread_blocked, id=23564, stack(0x00000075d2800000,0x00000075d2900000)]
  0x000001ec11686a40 JavaThread "Signal Dispatcher" daemon [_thread_blocked, id=15068, stack(0x00000075d2900000,0x00000075d2a00000)]
  0x000001ec11688510 JavaThread "Attach Listener" daemon [_thread_blocked, id=24496, stack(0x00000075d2a00000,0x00000075d2b00000)]
  0x000001ec1168ade0 JavaThread "Service Thread" daemon [_thread_blocked, id=24912, stack(0x00000075d2b00000,0x00000075d2c00000)]
  0x000001ec1168b6a0 JavaThread "Monitor Deflation Thread" daemon [_thread_blocked, id=22280, stack(0x00000075d2c00000,0x00000075d2d00000)]
=>0x000001ec1168c340 JavaThread "C2 CompilerThread0" daemon [_thread_in_native, id=24468, stack(0x00000075d2d00000,0x00000075d2e00000)]
  0x000001ec11698c20 JavaThread "C1 CompilerThread0" daemon [_thread_in_vm, id=21784, stack(0x00000075d2e00000,0x00000075d2f00000)]
  0x000001ec1169b530 JavaThread "Sweeper thread" daemon [_thread_blocked, id=25168, stack(0x00000075d2f00000,0x00000075d3000000)]
  0x000001ec117cb180 JavaThread "Notification Thread" daemon [_thread_blocked, id=24796, stack(0x00000075d3000000,0x00000075d3100000)]
  0x000001ec117d6cf0 JavaThread "Common-Cleaner" daemon [_thread_blocked, id=23272, stack(0x00000075d3200000,0x00000075d3300000)]
  0x000001ec118affe0 JavaThread "C2 CompilerThread1" daemon [_thread_in_native, id=16484, stack(0x00000075d3300000,0x00000075d3400000)]
  0x000001ec576e9520 JavaThread "Thread-0" [_thread_blocked, id=24784, stack(0x00000075d3400000,0x00000075d3500000)]
  0x000001ec576f1cf0 JavaThread "restartedMain" [_thread_in_Java, id=2392, stack(0x00000075d3500000,0x00000075d3600000)]
  0x000001ec5b464010 JavaThread "HikariPool-1 housekeeper" daemon [_thread_blocked, id=25016, stack(0x00000075d4200000,0x00000075d4300000)]
  0x000001ec59de0dd0 JavaThread "Catalina-utility-1" [_thread_blocked, id=25052, stack(0x00000075d4300000,0x00000075d4400000)]
  0x000001ec5a57eae0 JavaThread "Catalina-utility-2" [_thread_blocked, id=25332, stack(0x00000075d4400000,0x00000075d4500000)]
  0x000001ec5a4993f0 JavaThread "container-0" [_thread_blocked, id=1620, stack(0x00000075d4500000,0x00000075d4600000)]
  0x000001ec5850d560 JavaThread "HikariPool-1 connection adder" daemon [_thread_blocked, id=25560, stack(0x00000075d4600000,0x00000075d4700000)]
  0x000001ec58600f30 JavaThread "C2 CompilerThread2" daemon [_thread_in_native, id=21752, stack(0x00000075d3e00000,0x00000075d3f00000)]

Other Threads:
  0x000001ec1166afe0 VMThread "VM Thread" [stack: 0x00000075d2600000,0x00000075d2700000] [id=24488]
  0x000001ec117ce290 WatcherThread [stack: 0x00000075d3100000,0x00000075d3200000] [id=25276]
  0x000001ec6e4b9780 GCTaskThread "GC Thread#0" [stack: 0x00000075d2100000,0x00000075d2200000] [id=24744]
  0x000001ec576e0b50 GCTaskThread "GC Thread#1" [stack: 0x00000075d3600000,0x00000075d3700000] [id=17884]
  0x000001ec576dfb30 GCTaskThread "GC Thread#2" [stack: 0x00000075d3700000,0x00000075d3800000] [id=25048]
  0x000001ec576df880 GCTaskThread "GC Thread#3" [stack: 0x00000075d3800000,0x00000075d3900000] [id=25244]
  0x000001ec576df320 GCTaskThread "GC Thread#4" [stack: 0x00000075d3900000,0x00000075d3a00000] [id=25176]
  0x000001ec576e0340 GCTaskThread "GC Thread#5" [stack: 0x00000075d3a00000,0x00000075d3b00000] [id=22060]
  0x000001ec576df5d0 GCTaskThread "GC Thread#6" [stack: 0x00000075d3c00000,0x00000075d3d00000] [id=25092]
  0x000001ec576dfde0 GCTaskThread "GC Thread#7" [stack: 0x00000075d3d00000,0x00000075d3e00000] [id=20068]
  0x000001ec58a145f0 GCTaskThread "GC Thread#8" [stack: 0x00000075d3b00000,0x00000075d3c00000] [id=24508]
  0x000001ec58a135d0 GCTaskThread "GC Thread#9" [stack: 0x00000075d3f00000,0x00000075d4000000] [id=24692]
  0x000001ec6e4cb3e0 ConcurrentGCThread "G1 Main Marker" [stack: 0x00000075d2200000,0x00000075d2300000] [id=25228]
  0x000001ec6e4cc4a0 ConcurrentGCThread "G1 Conc#0" [stack: 0x00000075d2300000,0x00000075d2400000] [id=18816]
  0x000001ec58a13b30 ConcurrentGCThread "G1 Conc#1" [stack: 0x00000075d4000000,0x00000075d4100000] [id=24840]
  0x000001ec58a15360 ConcurrentGCThread "G1 Conc#2" [stack: 0x00000075d4100000,0x00000075d4200000] [id=24864]
  0x000001ec7fcf4fe0 ConcurrentGCThread "G1 Refine#0" [stack: 0x00000075d2400000,0x00000075d2500000] [id=10672]
  0x000001ec7fcf5910 ConcurrentGCThread "G1 Service" [stack: 0x00000075d2500000,0x00000075d2600000] [id=19168]

Threads with active compile tasks:
C2 CompilerThread0     5299 6513   !   4       org.springframework.core.annotation.AnnotationsScanner::processMethodHierarchy (276 bytes)
C1 CompilerThread0     5299 7000       2       org.springframework.beans.PropertyEditorRegistrySupport::getCustomEditor (165 bytes)
C2 CompilerThread1     5299 6937       4       org.springframework.core.annotation.TypeMappedAnnotations$MergedAnnotationFinder::doWithAnnotations (75 bytes)
C2 CompilerThread2     5300 6936       4       org.springframework.core.ResolvableType::getGenerics (171 bytes)

VM state: not at safepoint (normal execution)

VM Mutex/Monitor currently owned by a thread: None

Heap address: 0x0000000702000000, size: 4064 MB, Compressed Oops mode: Zero based, Oop shift amount: 3

CDS archive(s) mapped at: [0x000001ec12000000-0x000001ec12bd0000-0x000001ec12bd0000), size 12386304, SharedBaseAddress: 0x000001ec12000000, ArchiveRelocationMode: 1.
Compressed class space mapped at: 0x000001ec13000000-0x000001ec53000000, reserved size: 1073741824
Narrow klass base: 0x000001ec12000000, Narrow klass shift: 0, Narrow klass range: 0x100000000

GC Precious Log:
 CPUs: 12 total, 12 available
 Memory: 16253M
 Large Page Support: Disabled
 NUMA Support: Disabled
 Compressed Oops: Enabled (Zero based)
 Heap Region Size: 2M
 Heap Min Capacity: 8M
 Heap Initial Capacity: 254M
 Heap Max Capacity: 4064M
 Pre-touch: Disabled
 Parallel Workers: 10
 Concurrent Workers: 3
 Concurrent Refinement Workers: 10
 Periodic GC: Disabled

Heap:
 garbage-first heap   total 116736K, used 41327K [0x0000000702000000, 0x0000000800000000)
  region size 2048K, 13 young (26624K), 5 survivors (10240K)
 Metaspace       used 59855K, committed 60416K, reserved 1114112K
  class space    used 8008K, committed 8256K, reserved 1048576K

Heap Regions: E=young(eden), S=young(survivor), O=old, HS=humongous(starts), HC=humongous(continues), CS=collection set, F=free, OA=open archive, CA=closed archive, TAMS=top-at-mark-start (previous, next)
|   0|0x0000000702000000, 0x0000000702200000, 0x0000000702200000|100%| O|  |TAMS 0x0000000702200000, 0x0000000702000000| Untracked 
|   1|0x0000000702200000, 0x0000000702400000, 0x0000000702400000|100%| O|  |TAMS 0x0000000702400000, 0x0000000702200000| Untracked 
|   2|0x0000000702400000, 0x0000000702600000, 0x0000000702600000|100%| O|  |TAMS 0x0000000702600000, 0x0000000702400000| Untracked 
|   3|0x0000000702600000, 0x0000000702800000, 0x0000000702800000|100%| O|  |TAMS 0x0000000702800000, 0x0000000702600000| Untracked 
|   4|0x0000000702800000, 0x0000000702a00000, 0x0000000702a00000|100%| O|  |TAMS 0x0000000702a00000, 0x0000000702800000| Untracked 
|   5|0x0000000702a00000, 0x0000000702c00000, 0x0000000702c00000|100%| O|  |TAMS 0x0000000702c00000, 0x0000000702a00000| Untracked 
|   6|0x0000000702c00000, 0x0000000702c00000, 0x0000000702e00000|  0%| F|  |TAMS 0x0000000702c00000, 0x0000000702c00000| Untracked 
|   7|0x0000000702e00000, 0x0000000703000000, 0x0000000703000000|100%| O|  |TAMS 0x0000000703000000, 0x0000000702e00000| Untracked 
|   8|0x0000000703000000, 0x0000000703200000, 0x0000000703200000|100%| O|  |TAMS 0x0000000703200000, 0x0000000703000000| Untracked 
|   9|0x0000000703200000, 0x0000000703400000, 0x0000000703400000|100%| O|  |TAMS 0x0000000703400000, 0x0000000703200000| Untracked 
|  10|0x0000000703400000, 0x000000070342dc00, 0x0000000703600000|  8%| O|  |TAMS 0x000000070342dc00, 0x0000000703400000| Untracked 
|  11|0x0000000703600000, 0x0000000703600000, 0x0000000703800000|  0%| F|  |TAMS 0x0000000703600000, 0x0000000703600000| Untracked 
|  12|0x0000000703800000, 0x0000000703800000, 0x0000000703a00000|  0%| F|  |TAMS 0x0000000703800000, 0x0000000703800000| Untracked 
|  13|0x0000000703a00000, 0x0000000703a00000, 0x0000000703c00000|  0%| F|  |TAMS 0x0000000703a00000, 0x0000000703a00000| Untracked 
|  14|0x0000000703c00000, 0x0000000703c00000, 0x0000000703e00000|  0%| F|  |TAMS 0x0000000703c00000, 0x0000000703c00000| Untracked 
|  15|0x0000000703e00000, 0x0000000703e00000, 0x0000000704000000|  0%| F|  |TAMS 0x0000000703e00000, 0x0000000703e00000| Untracked 
|  16|0x0000000704000000, 0x0000000704000000, 0x0000000704200000|  0%| F|  |TAMS 0x0000000704000000, 0x0000000704000000| Untracked 
|  17|0x0000000704200000, 0x0000000704200000, 0x0000000704400000|  0%| F|  |TAMS 0x0000000704200000, 0x0000000704200000| Untracked 
|  18|0x0000000704400000, 0x0000000704400000, 0x0000000704600000|  0%| F|  |TAMS 0x0000000704400000, 0x0000000704400000| Untracked 
|  19|0x0000000704600000, 0x0000000704600000, 0x0000000704800000|  0%| F|  |TAMS 0x0000000704600000, 0x0000000704600000| Untracked 
|  20|0x0000000704800000, 0x0000000704800000, 0x0000000704a00000|  0%| F|  |TAMS 0x0000000704800000, 0x0000000704800000| Untracked 
|  21|0x0000000704a00000, 0x0000000704a00000, 0x0000000704c00000|  0%| F|  |TAMS 0x0000000704a00000, 0x0000000704a00000| Untracked 
|  22|0x0000000704c00000, 0x0000000704c00000, 0x0000000704e00000|  0%| F|  |TAMS 0x0000000704c00000, 0x0000000704c00000| Untracked 
|  23|0x0000000704e00000, 0x0000000704e00000, 0x0000000705000000|  0%| F|  |TAMS 0x0000000704e00000, 0x0000000704e00000| Untracked 
|  24|0x0000000705000000, 0x0000000705000000, 0x0000000705200000|  0%| F|  |TAMS 0x0000000705000000, 0x0000000705000000| Untracked 
|  25|0x0000000705200000, 0x0000000705200000, 0x0000000705400000|  0%| F|  |TAMS 0x0000000705200000, 0x0000000705200000| Untracked 
|  26|0x0000000705400000, 0x0000000705400000, 0x0000000705600000|  0%| F|  |TAMS 0x0000000705400000, 0x0000000705400000| Untracked 
|  27|0x0000000705600000, 0x0000000705600000, 0x0000000705800000|  0%| F|  |TAMS 0x0000000705600000, 0x0000000705600000| Untracked 
|  28|0x0000000705800000, 0x0000000705800000, 0x0000000705a00000|  0%| F|  |TAMS 0x0000000705800000, 0x0000000705800000| Untracked 
|  29|0x0000000705a00000, 0x0000000705a00000, 0x0000000705c00000|  0%| F|  |TAMS 0x0000000705a00000, 0x0000000705a00000| Untracked 
|  30|0x0000000705c00000, 0x0000000705c00000, 0x0000000705e00000|  0%| F|  |TAMS 0x0000000705c00000, 0x0000000705c00000| Untracked 
|  31|0x0000000705e00000, 0x0000000705e00000, 0x0000000706000000|  0%| F|  |TAMS 0x0000000705e00000, 0x0000000705e00000| Untracked 
|  32|0x0000000706000000, 0x0000000706000000, 0x0000000706200000|  0%| F|  |TAMS 0x0000000706000000, 0x0000000706000000| Untracked 
|  33|0x0000000706200000, 0x0000000706200000, 0x0000000706400000|  0%| F|  |TAMS 0x0000000706200000, 0x0000000706200000| Untracked 
|  34|0x0000000706400000, 0x0000000706400000, 0x0000000706600000|  0%| F|  |TAMS 0x0000000706400000, 0x0000000706400000| Untracked 
|  35|0x0000000706600000, 0x0000000706600000, 0x0000000706800000|  0%| F|  |TAMS 0x0000000706600000, 0x0000000706600000| Untracked 
|  36|0x0000000706800000, 0x0000000706800000, 0x0000000706a00000|  0%| F|  |TAMS 0x0000000706800000, 0x0000000706800000| Untracked 
|  37|0x0000000706a00000, 0x0000000706a00000, 0x0000000706c00000|  0%| F|  |TAMS 0x0000000706a00000, 0x0000000706a00000| Untracked 
|  38|0x0000000706c00000, 0x0000000706c00000, 0x0000000706e00000|  0%| F|  |TAMS 0x0000000706c00000, 0x0000000706c00000| Untracked 
|  39|0x0000000706e00000, 0x0000000706e00000, 0x0000000707000000|  0%| F|  |TAMS 0x0000000706e00000, 0x0000000706e00000| Untracked 
|  40|0x0000000707000000, 0x0000000707000000, 0x0000000707200000|  0%| F|  |TAMS 0x0000000707000000, 0x0000000707000000| Untracked 
|  41|0x0000000707200000, 0x0000000707200000, 0x0000000707400000|  0%| F|  |TAMS 0x0000000707200000, 0x0000000707200000| Untracked 
|  42|0x0000000707400000, 0x000000070742e3a0, 0x0000000707600000|  9%| S|CS|TAMS 0x0000000707400000, 0x0000000707400000| Complete 
|  43|0x0000000707600000, 0x0000000707800000, 0x0000000707800000|100%| S|CS|TAMS 0x0000000707600000, 0x0000000707600000| Complete 
|  44|0x0000000707800000, 0x0000000707a00000, 0x0000000707a00000|100%| S|CS|TAMS 0x0000000707800000, 0x0000000707800000| Complete 
|  45|0x0000000707a00000, 0x0000000707c00000, 0x0000000707c00000|100%| S|CS|TAMS 0x0000000707a00000, 0x0000000707a00000| Complete 
|  46|0x0000000707c00000, 0x0000000707e00000, 0x0000000707e00000|100%| S|CS|TAMS 0x0000000707c00000, 0x0000000707c00000| Complete 
|  47|0x0000000707e00000, 0x0000000707e00000, 0x0000000708000000|  0%| F|  |TAMS 0x0000000707e00000, 0x0000000707e00000| Untracked 
|  48|0x0000000708000000, 0x0000000708100800, 0x0000000708200000| 50%| E|  |TAMS 0x0000000708000000, 0x0000000708000000| Complete 
|  49|0x0000000708200000, 0x0000000708400000, 0x0000000708400000|100%| E|CS|TAMS 0x0000000708200000, 0x0000000708200000| Complete 
|  50|0x0000000708400000, 0x0000000708600000, 0x0000000708600000|100%| E|CS|TAMS 0x0000000708400000, 0x0000000708400000| Complete 
|  51|0x0000000708600000, 0x0000000708800000, 0x0000000708800000|100%| E|CS|TAMS 0x0000000708600000, 0x0000000708600000| Complete 
|  52|0x0000000708800000, 0x0000000708a00000, 0x0000000708a00000|100%| E|CS|TAMS 0x0000000708800000, 0x0000000708800000| Complete 
|  53|0x0000000708a00000, 0x0000000708c00000, 0x0000000708c00000|100%| E|CS|TAMS 0x0000000708a00000, 0x0000000708a00000| Complete 
|  54|0x0000000708c00000, 0x0000000708e00000, 0x0000000708e00000|100%| E|CS|TAMS 0x0000000708c00000, 0x0000000708c00000| Complete 
|  86|0x000000070cc00000, 0x000000070ce00000, 0x000000070ce00000|100%| E|CS|TAMS 0x000000070cc00000, 0x000000070cc00000| Complete 
| 126|0x0000000711c00000, 0x0000000711e00000, 0x0000000711e00000|100%| E|CS|TAMS 0x0000000711c00000, 0x0000000711c00000| Complete 

Card table byte_map: [0x000001ec76a20000,0x000001ec77210000] _byte_map_base: 0x000001ec73210000

Marking Bits (Prev, Next): (CMBitMap*) 0x000001ec6e4bacf0, (CMBitMap*) 0x000001ec6e4bacb0
 Prev Bits: [0x000001ec7b980000, 0x000001ec7f900000)
 Next Bits: [0x000001ec77a00000, 0x000001ec7b980000)

Polling page: 0x000001ec6c3b0000

Metaspace:

Usage:
  Non-class:     50.63 MB used.
      Class:      7.82 MB used.
       Both:     58.45 MB used.

Virtual space:
  Non-class space:       64.00 MB reserved,      50.94 MB ( 80%) committed,  1 nodes.
      Class space:        1.00 GB reserved,       8.06 MB ( <1%) committed,  1 nodes.
             Both:        1.06 GB reserved,      59.00 MB (  5%) committed. 

Chunk freelists:
   Non-Class:  12.59 MB
       Class:  7.88 MB
        Both:  20.48 MB

MaxMetaspaceSize: unlimited
CompressedClassSpaceSize: 1.00 GB
Initial GC threshold: 21.00 MB
Current GC threshold: 98.25 MB
CDS: on
MetaspaceReclaimPolicy: balanced
 - commit_granule_bytes: 65536.
 - commit_granule_words: 8192.
 - virtual_space_node_default_size: 8388608.
 - enlarge_chunks_in_place: 1.
 - new_chunks_are_fully_committed: 0.
 - uncommit_free_chunks: 1.
 - use_allocation_guard: 0.
 - handle_deallocations: 1.


Internal statistics:

num_allocs_failed_limit: 9.
num_arena_births: 770.
num_arena_deaths: 0.
num_vsnodes_births: 2.
num_vsnodes_deaths: 0.
num_space_committed: 944.
num_space_uncommitted: 0.
num_chunks_returned_to_freelist: 9.
num_chunks_taken_from_freelist: 3077.
num_chunk_merges: 9.
num_chunk_splits: 2165.
num_chunks_enlarged: 1647.
num_purges: 0.
num_inconsistent_stats: 0.

CodeHeap 'non-profiled nmethods': size=120000Kb used=3712Kb max_used=3712Kb free=116288Kb
 bounds [0x000001ec07ad0000, 0x000001ec07e70000, 0x000001ec0f000000]
CodeHeap 'profiled nmethods': size=120000Kb used=12072Kb max_used=12072Kb free=107927Kb
 bounds [0x000001ec00000000, 0x000001ec00bd0000, 0x000001ec07530000]
CodeHeap 'non-nmethods': size=5760Kb used=1345Kb max_used=1414Kb free=4414Kb
 bounds [0x000001ec07530000, 0x000001ec077a0000, 0x000001ec07ad0000]
 total_blobs=6905 nmethods=6231 adapters=585
 compilation: enabled
              stopped_count=0, restarted_count=0
 full_count=0

Compilation events (20 events):
Event: 5.276 Thread 0x000001ec11698c20 6983       2       org.springframework.core.type.classreading.SimpleMethodMetadataReadingVisitor::visitAnnotation (28 bytes)
Event: 5.277 Thread 0x000001ec11698c20 nmethod 6983 0x000001ec00bc5a90 code [0x000001ec00bc5c60, 0x000001ec00bc5f78]
Event: 5.277 Thread 0x000001ec11698c20 6985       2       jdk.internal.loader.URLClassPath$JarLoader::validIndex (94 bytes)
Event: 5.277 Thread 0x000001ec11698c20 nmethod 6985 0x000001ec00bc6190 code [0x000001ec00bc63c0, 0x000001ec00bc6868]
Event: 5.277 Thread 0x000001ec11698c20 6984       2       java.util.LinkedList::toArray (81 bytes)
Event: 5.277 Thread 0x000001ec11698c20 nmethod 6984 0x000001ec00bc6c10 code [0x000001ec00bc6de0, 0x000001ec00bc71b8]
Event: 5.277 Thread 0x000001ec11698c20 6986       2       org.springframework.aop.framework.autoproxy.ProxyCreationContext::setCurrentProxiedBeanName (21 bytes)
Event: 5.278 Thread 0x000001ec11698c20 nmethod 6986 0x000001ec00bc7410 code [0x000001ec00bc75c0, 0x000001ec00bc7758]
Event: 5.278 Thread 0x000001ec11698c20 6989       1       org.springframework.beans.AbstractNestablePropertyAccessor$PropertyHandler::isWritable (5 bytes)
Event: 5.278 Thread 0x000001ec11698c20 nmethod 6989 0x000001ec07e6f710 code [0x000001ec07e6f8a0, 0x000001ec07e6f978]
Event: 5.278 Thread 0x000001ec11698c20 6987       1       org.springframework.transaction.interceptor.BeanFactoryTransactionAttributeSourceAdvisor::getPointcut (5 bytes)
Event: 5.278 Thread 0x000001ec11698c20 nmethod 6987 0x000001ec07e6fa10 code [0x000001ec07e6fba0, 0x000001ec07e6fc78]
Event: 5.278 Thread 0x000001ec11698c20 6988       1       org.springframework.aop.support.StaticMethodMatcherPointcut::getClassFilter (5 bytes)
Event: 5.278 Thread 0x000001ec11698c20 nmethod 6988 0x000001ec07e6fd10 code [0x000001ec07e6fea0, 0x000001ec07e6ff78]
Event: 5.278 Thread 0x000001ec11698c20 6991       2       org.springframework.core.metrics.DefaultApplicationStartup::start (6 bytes)
Event: 5.278 Thread 0x000001ec11698c20 nmethod 6991 0x000001ec00bc7890 code [0x000001ec00bc7a20, 0x000001ec00bc7b38]
Event: 5.278 Thread 0x000001ec11698c20 6992       2       org.springframework.core.metrics.DefaultApplicationStartup::start (4 bytes)
Event: 5.278 Thread 0x000001ec11698c20 nmethod 6992 0x000001ec00bc7c10 code [0x000001ec00bc7da0, 0x000001ec00bc7eb8]
Event: 5.279 Thread 0x000001ec11698c20 6993       2       org.springframework.core.metrics.DefaultApplicationStartup$DefaultStartupStep::end (1 bytes)
Event: 5.279 Thread 0x000001ec11698c20 nmethod 6993 0x000001ec004b7b10 code [0x000001ec004b7ca0, 0x000001ec004b7d98]

GC Heap History (20 events):
Event: 2.221 GC heap before
{Heap before GC invocations=4 (full 0):
 garbage-first heap   total 55296K, used 37669K [0x0000000702000000, 0x0000000800000000)
  region size 2048K, 16 young (32768K), 4 survivors (8192K)
 Metaspace       used 24550K, committed 25024K, reserved 1114112K
  class space    used 3092K, committed 3328K, reserved 1048576K
}
Event: 2.226 GC heap after
{Heap after GC invocations=5 (full 0):
 garbage-first heap   total 55296K, used 15460K [0x0000000702000000, 0x0000000800000000)
  region size 2048K, 2 young (4096K), 2 survivors (4096K)
 Metaspace       used 24550K, committed 25024K, reserved 1114112K
  class space    used 3092K, committed 3328K, reserved 1048576K
}
Event: 2.272 GC heap before
{Heap before GC invocations=5 (full 0):
 garbage-first heap   total 55296K, used 17508K [0x0000000702000000, 0x0000000800000000)
  region size 2048K, 3 young (6144K), 2 survivors (4096K)
 Metaspace       used 24830K, committed 25216K, reserved 1114112K
  class space    used 3139K, committed 3328K, reserved 1048576K
}
Event: 2.274 GC heap after
{Heap after GC invocations=6 (full 0):
 garbage-first heap   total 55296K, used 16045K [0x0000000702000000, 0x0000000800000000)
  region size 2048K, 1 young (2048K), 1 survivors (2048K)
 Metaspace       used 24830K, committed 25216K, reserved 1114112K
  class space    used 3139K, committed 3328K, reserved 1048576K
}
Event: 2.580 GC heap before
{Heap before GC invocations=6 (full 0):
 garbage-first heap   total 55296K, used 36525K [0x0000000702000000, 0x0000000800000000)
  region size 2048K, 11 young (22528K), 1 survivors (2048K)
 Metaspace       used 28028K, committed 28480K, reserved 1114112K
  class space    used 3547K, committed 3776K, reserved 1048576K
}
Event: 2.582 GC heap after
{Heap after GC invocations=7 (full 0):
 garbage-first heap   total 55296K, used 17078K [0x0000000702000000, 0x0000000800000000)
  region size 2048K, 1 young (2048K), 1 survivors (2048K)
 Metaspace       used 28028K, committed 28480K, reserved 1114112K
  class space    used 3547K, committed 3776K, reserved 1048576K
}
Event: 2.805 GC heap before
{Heap before GC invocations=7 (full 0):
 garbage-first heap   total 55296K, used 35510K [0x0000000702000000, 0x0000000800000000)
  region size 2048K, 11 young (22528K), 1 survivors (2048K)
 Metaspace       used 32896K, committed 33408K, reserved 1114112K
  class space    used 4088K, committed 4352K, reserved 1048576K
}
Event: 2.806 GC heap after
{Heap after GC invocations=8 (full 0):
 garbage-first heap   total 55296K, used 18370K [0x0000000702000000, 0x0000000800000000)
  region size 2048K, 2 young (4096K), 2 survivors (4096K)
 Metaspace       used 32896K, committed 33408K, reserved 1114112K
  class space    used 4088K, committed 4352K, reserved 1048576K
}
Event: 3.028 GC heap before
{Heap before GC invocations=8 (full 0):
 garbage-first heap   total 55296K, used 32706K [0x0000000702000000, 0x0000000800000000)
  region size 2048K, 10 young (20480K), 2 survivors (4096K)
 Metaspace       used 35523K, committed 35968K, reserved 1114112K
  class space    used 4459K, committed 4672K, reserved 1048576K
}
Event: 3.031 GC heap after
{Heap after GC invocations=9 (full 0):
 garbage-first heap   total 55296K, used 19195K [0x0000000702000000, 0x0000000800000000)
  region size 2048K, 2 young (4096K), 2 survivors (4096K)
 Metaspace       used 35523K, committed 35968K, reserved 1114112K
  class space    used 4459K, committed 4672K, reserved 1048576K
}
Event: 3.332 GC heap before
{Heap before GC invocations=10 (full 0):
 garbage-first heap   total 55296K, used 37627K [0x0000000702000000, 0x0000000800000000)
  region size 2048K, 11 young (22528K), 2 survivors (4096K)
 Metaspace       used 39032K, committed 39552K, reserved 1114112K
  class space    used 5051K, committed 5312K, reserved 1048576K
}
Event: 3.334 GC heap after
{Heap after GC invocations=11 (full 0):
 garbage-first heap   total 55296K, used 19660K [0x0000000702000000, 0x0000000800000000)
  region size 2048K, 2 young (4096K), 2 survivors (4096K)
 Metaspace       used 39032K, committed 39552K, reserved 1114112K
  class space    used 5051K, committed 5312K, reserved 1048576K
}
Event: 3.371 GC heap before
{Heap before GC invocations=11 (full 0):
 garbage-first heap   total 55296K, used 21708K [0x0000000702000000, 0x0000000800000000)
  region size 2048K, 3 young (6144K), 2 survivors (4096K)
 Metaspace       used 39419K, committed 39936K, reserved 1114112K
  class space    used 5119K, committed 5376K, reserved 1048576K
}
Event: 3.374 GC heap after
{Heap after GC invocations=12 (full 0):
 garbage-first heap   total 55296K, used 19507K [0x0000000702000000, 0x0000000800000000)
  region size 2048K, 1 young (2048K), 1 survivors (2048K)
 Metaspace       used 39419K, committed 39936K, reserved 1114112K
  class space    used 5119K, committed 5376K, reserved 1048576K
}
Event: 3.716 GC heap before
{Heap before GC invocations=12 (full 0):
 garbage-first heap   total 55296K, used 39987K [0x0000000702000000, 0x0000000800000000)
  region size 2048K, 11 young (22528K), 1 survivors (2048K)
 Metaspace       used 42677K, committed 43200K, reserved 1114112K
  class space    used 5573K, committed 5824K, reserved 1048576K
}
Event: 3.718 GC heap after
{Heap after GC invocations=13 (full 0):
 garbage-first heap   total 157696K, used 20743K [0x0000000702000000, 0x0000000800000000)
  region size 2048K, 2 young (4096K), 2 survivors (4096K)
 Metaspace       used 42677K, committed 43200K, reserved 1114112K
  class space    used 5573K, committed 5824K, reserved 1048576K
}
Event: 4.771 GC heap before
{Heap before GC invocations=13 (full 0):
 garbage-first heap   total 157696K, used 110855K [0x0000000702000000, 0x0000000800000000)
  region size 2048K, 46 young (94208K), 2 survivors (4096K)
 Metaspace       used 57206K, committed 57792K, reserved 1114112K
  class space    used 7695K, committed 7936K, reserved 1048576K
}
Event: 4.774 GC heap after
{Heap after GC invocations=14 (full 0):
 garbage-first heap   total 157696K, used 24664K [0x0000000702000000, 0x0000000800000000)
  region size 2048K, 3 young (6144K), 3 survivors (6144K)
 Metaspace       used 57206K, committed 57792K, reserved 1114112K
  class space    used 7695K, committed 7936K, reserved 1048576K
}
Event: 5.215 GC heap before
{Heap before GC invocations=14 (full 0):
 garbage-first heap   total 157696K, used 84056K [0x0000000702000000, 0x0000000800000000)
  region size 2048K, 33 young (67584K), 3 survivors (6144K)
 Metaspace       used 59741K, committed 60288K, reserved 1114112K
  class space    used 8001K, committed 8256K, reserved 1048576K
}
Event: 5.219 GC heap after
{Heap after GC invocations=15 (full 0):
 garbage-first heap   total 157696K, used 26991K [0x0000000702000000, 0x0000000800000000)
  region size 2048K, 5 young (10240K), 5 survivors (10240K)
 Metaspace       used 59741K, committed 60288K, reserved 1114112K
  class space    used 8001K, committed 8256K, reserved 1048576K
}

Deoptimization events (20 events):
Event: 4.906 Thread 0x000001ec576f1cf0 Uncommon trap: trap_request=0xffffffde fr.pc=0x000001ec07cd65f0 relative=0x0000000000000810
Event: 4.906 Thread 0x000001ec576f1cf0 Uncommon trap: reason=class_check action=maybe_recompile pc=0x000001ec07cd65f0 method=org.springframework.util.ConcurrentReferenceHashMap$Segment.findInChain(Lorg/springframework/util/ConcurrentReferenceHashMap$Reference;Ljava/lang/Object;I)Lorg/springfra
Event: 4.906 Thread 0x000001ec576f1cf0 DEOPT PACKING pc=0x000001ec07cd65f0 sp=0x00000075d35fcc70
Event: 4.906 Thread 0x000001ec576f1cf0 DEOPT UNPACKING pc=0x000001ec075823a3 sp=0x00000075d35fcb38 mode 2
Event: 4.906 Thread 0x000001ec576f1cf0 Uncommon trap: trap_request=0xffffffde fr.pc=0x000001ec07cd77b8 relative=0x00000000000006d8
Event: 4.906 Thread 0x000001ec576f1cf0 Uncommon trap: reason=class_check action=maybe_recompile pc=0x000001ec07cd77b8 method=org.springframework.util.ConcurrentReferenceHashMap$Segment.findInChain(Lorg/springframework/util/ConcurrentReferenceHashMap$Reference;Ljava/lang/Object;I)Lorg/springfra
Event: 4.906 Thread 0x000001ec576f1cf0 DEOPT PACKING pc=0x000001ec07cd77b8 sp=0x00000075d35fcbf0
Event: 4.906 Thread 0x000001ec576f1cf0 DEOPT UNPACKING pc=0x000001ec075823a3 sp=0x00000075d35fcb38 mode 2
Event: 4.907 Thread 0x000001ec576f1cf0 Uncommon trap: trap_request=0xffffffde fr.pc=0x000001ec07cc7b94 relative=0x00000000000001f4
Event: 4.907 Thread 0x000001ec576f1cf0 Uncommon trap: reason=class_check action=maybe_recompile pc=0x000001ec07cc7b94 method=org.springframework.util.ConcurrentReferenceHashMap$Segment.findInChain(Lorg/springframework/util/ConcurrentReferenceHashMap$Reference;Ljava/lang/Object;I)Lorg/springfra
Event: 4.907 Thread 0x000001ec576f1cf0 DEOPT PACKING pc=0x000001ec07cc7b94 sp=0x00000075d35fcb80
Event: 4.907 Thread 0x000001ec576f1cf0 DEOPT UNPACKING pc=0x000001ec075823a3 sp=0x00000075d35fcb28 mode 2
Event: 5.079 Thread 0x000001ec576f1cf0 Uncommon trap: trap_request=0xffffff45 fr.pc=0x000001ec07b842dc relative=0x00000000000012fc
Event: 5.079 Thread 0x000001ec576f1cf0 Uncommon trap: reason=unstable_if action=reinterpret pc=0x000001ec07b842dc method=java.util.concurrent.ConcurrentHashMap.transfer([Ljava/util/concurrent/ConcurrentHashMap$Node;[Ljava/util/concurrent/ConcurrentHashMap$Node;)V @ 352 c2
Event: 5.079 Thread 0x000001ec576f1cf0 DEOPT PACKING pc=0x000001ec07b842dc sp=0x00000075d35fcf20
Event: 5.079 Thread 0x000001ec576f1cf0 DEOPT UNPACKING pc=0x000001ec075823a3 sp=0x00000075d35fcea8 mode 2
Event: 5.097 Thread 0x000001ec576f1cf0 Uncommon trap: trap_request=0xffffff76 fr.pc=0x000001ec07e40bdc relative=0x0000000000003e7c
Event: 5.097 Thread 0x000001ec576f1cf0 Uncommon trap: reason=predicate action=maybe_recompile pc=0x000001ec07e40bdc method=org.springframework.util.ReflectionUtils.doWithMethods(Ljava/lang/Class;Lorg/springframework/util/ReflectionUtils$MethodCallback;Lorg/springframework/util/ReflectionUtils$
Event: 5.097 Thread 0x000001ec576f1cf0 DEOPT PACKING pc=0x000001ec07e40bdc sp=0x00000075d35fce30
Event: 5.097 Thread 0x000001ec576f1cf0 DEOPT UNPACKING pc=0x000001ec075823a3 sp=0x00000075d35fce68 mode 2

Classes unloaded (0 events):
No events

Classes redefined (0 events):
No events

Internal exceptions (20 events):
Event: 4.474 Thread 0x000001ec576f1cf0 Exception <a 'java/lang/NoSuchMethodError'{0x00000007079dc938}: 'void java.lang.invoke.DirectMethodHandle$Holder.invokeStatic(java.lang.Object, java.lang.Object, java.lang.Object, java.lang.Object, java.lang.Object, java.lang.Object, java.lang.Object)'> (0x00000007079dc938) 
thrown [s\open\src\hotspot\share\interpreter\linkResolver.cpp, line 759]
Event: 4.479 Thread 0x000001ec576f1cf0 Exception <a 'java/lang/NoSuchMethodError'{0x000000070762daa8}: 'void java.lang.invoke.DirectMethodHandle$Holder.invokeInterface(java.lang.Object, java.lang.Object, int, java.lang.Object)'> (0x000000070762daa8) 
thrown [s\open\src\hotspot\share\interpreter\linkResolver.cpp, line 759]
Event: 4.483 Thread 0x000001ec576f1cf0 Exception <a 'java/lang/NoSuchMethodError'{0x000000070765cae0}: 'java.lang.Object java.lang.invoke.DirectMethodHandle$Holder.newInvokeSpecial(java.lang.Object, java.lang.Object, int, java.lang.Object)'> (0x000000070765cae0) 
thrown [s\open\src\hotspot\share\interpreter\linkResolver.cpp, line 759]
Event: 4.483 Thread 0x000001ec576f1cf0 Exception <a 'java/lang/NoSuchMethodError'{0x00000007076606a8}: 'java.lang.Object java.lang.invoke.Invokers$Holder.linkToTargetMethod(java.lang.Object, int, java.lang.Object, java.lang.Object)'> (0x00000007076606a8) 
thrown [s\open\src\hotspot\share\interpreter\linkResolver.cpp, line 759]
Event: 4.492 Thread 0x000001ec576f1cf0 Exception <a 'java/lang/NoSuchMethodError'{0x0000000707721158}: 'java.lang.Object java.lang.invoke.DirectMethodHandle$Holder.newInvokeSpecial(java.lang.Object, java.lang.Object, int)'> (0x0000000707721158) 
thrown [s\open\src\hotspot\share\interpreter\linkResolver.cpp, line 759]
Event: 4.493 Thread 0x000001ec576f1cf0 Exception <a 'java/lang/IncompatibleClassChangeError'{0x0000000707724e20}: Found class java.lang.Object, but interface was expected> (0x0000000707724e20) 
thrown [s\open\src\hotspot\share\interpreter\linkResolver.cpp, line 826]
Event: 4.511 Thread 0x000001ec576f1cf0 Exception <a 'java/lang/NoSuchMethodError'{0x00000007074b1ee0}: 'int java.lang.invoke.DirectMethodHandle$Holder.invokeStatic(java.lang.Object, int, java.lang.Object)'> (0x00000007074b1ee0) 
thrown [s\open\src\hotspot\share\interpreter\linkResolver.cpp, line 759]
Event: 4.514 Thread 0x000001ec576f1cf0 Exception <a 'java/lang/NoSuchMethodError'{0x00000007074d3da0}: 'java.lang.Object java.lang.invoke.DirectMethodHandle$Holder.newInvokeSpecial(java.lang.Object, java.lang.Object, java.lang.Object, java.lang.Object, java.lang.Object, int, java.lang.Object)'> (0x00000007074d3da0) 
thrown [s\open\src\hotspot\share\interpreter\linkResolver.cpp, line 759]
Event: 4.517 Thread 0x000001ec576f1cf0 Exception <a 'java/lang/NoSuchMethodError'{0x00000007075173f0}: 'java.lang.Object java.lang.invoke.DirectMethodHandle$Holder.newInvokeSpecial(java.lang.Object, java.lang.Object, java.lang.Object, java.lang.Object, java.lang.Object, java.lang.Object, java.lang.Object, java.lang.Object, java.lang.Object, java.lang.Object, java.lang.Object, java.lang.Object)'> (0x00000007075173f0) 
thrown [s\open\src\hotspot\share\interpreter\linkResolver.cpp, line 759]
Event: 4.517 Thread 0x000001ec576f1cf0 Exception <a 'java/lang/NoSuchMethodError'{0x000000070751be88}: 'java.lang.Object java.lang.invoke.DirectMethodHandle$Holder.invokeSpecial(java.lang.Object, java.lang.Object, java.lang.Object, java.lang.Object, java.lang.Object, java.lang.Object, java.lang.Object, java.lang.Object, java.lang.Object, java.lang.Object, java.lang.Object, java.lang.Object, java.lang.Object)'> (0x000000070751be88) 
thrown [s\open\src\hotspot\share\interpreter\linkResolver.cpp, line 759]
Event: 4.517 Thread 0x000001ec576f1cf0 Exception <a 'java/lang/NoSuchMethodError'{0x00000007075205a0}: 'java.lang.Object java.lang.invoke.Invokers$Holder.linkToTargetMethod(java.lang.Object, java.lang.Object, java.lang.Object, java.lang.Object, java.lang.Object, java.lang.Object, java.lang.Object, java.lang.Object, java.lang.Object, java.lang.Object, java.lang.Object, java.lang.Object)'> (0x00000007075205a0) 
thrown [s\open\src\hotspot\share\interpreter\linkResolver.cpp, line 759]
Event: 4.559 Thread 0x000001ec576f1cf0 Exception <a 'java/lang/NoSuchMethodError'{0x0000000707024118}: 'java.lang.Object java.lang.invoke.DirectMethodHandle$Holder.newInvokeSpecial(java.lang.Object, java.lang.Object, int, java.lang.Object, int, java.lang.Object, java.lang.Object)'> (0x0000000707024118) 
thrown [s\open\src\hotspot\share\interpreter\linkResolver.cpp, line 759]
Event: 4.569 Thread 0x000001ec576f1cf0 Exception <a 'java/lang/NoSuchMethodError'{0x00000007070f70d0}: 'java.lang.Object java.lang.invoke.DirectMethodHandle$Holder.newInvokeSpecial(java.lang.Object, java.lang.Object, java.lang.Object, java.lang.Object, java.lang.Object, java.lang.Object, java.lang.Object, int)'> (0x00000007070f70d0) 
thrown [s\open\src\hotspot\share\interpreter\linkResolver.cpp, line 759]
Event: 4.570 Thread 0x000001ec576f1cf0 Exception <a 'java/lang/NoSuchMethodError'{0x00000007070fc370}: 'java.lang.Object java.lang.invoke.DirectMethodHandle$Holder.invokeSpecial(java.lang.Object, java.lang.Object, java.lang.Object, java.lang.Object, java.lang.Object, java.lang.Object, java.lang.Object, java.lang.Object, int)'> (0x00000007070fc370) 
thrown [s\open\src\hotspot\share\interpreter\linkResolver.cpp, line 759]
Event: 4.570 Thread 0x000001ec576f1cf0 Exception <a 'java/lang/NoSuchMethodError'{0x0000000707101110}: 'java.lang.Object java.lang.invoke.Invokers$Holder.linkToTargetMethod(java.lang.Object, java.lang.Object, java.lang.Object, java.lang.Object, java.lang.Object, java.lang.Object, int, java.lang.Object)'> (0x0000000707101110) 
thrown [s\open\src\hotspot\share\interpreter\linkResolver.cpp, line 759]
Event: 4.597 Thread 0x000001ec576f1cf0 Exception <a 'java/lang/NoSuchMethodError'{0x0000000706e96268}: 'void java.lang.invoke.DirectMethodHandle$Holder.invokeInterface(java.lang.Object, java.lang.Object)'> (0x0000000706e96268) 
thrown [s\open\src\hotspot\share\interpreter\linkResolver.cpp, line 759]
Event: 4.770 Thread 0x000001ec576f1cf0 Exception <a 'java/lang/IncompatibleClassChangeError'{0x00000007063d62e8}: Found class java.lang.Object, but interface was expected> (0x00000007063d62e8) 
thrown [s\open\src\hotspot\share\interpreter\linkResolver.cpp, line 826]
Event: 4.781 Thread 0x000001ec576f1cf0 Exception <a 'java/lang/IncompatibleClassChangeError'{0x0000000711c5ff38}: Found class java.lang.Object, but interface was expected> (0x0000000711c5ff38) 
thrown [s\open\src\hotspot\share\interpreter\linkResolver.cpp, line 826]
Event: 4.803 Thread 0x000001ec576f1cf0 Exception <a 'java/lang/IncompatibleClassChangeError'{0x0000000711dff330}: Found class java.lang.Object, but interface was expected> (0x0000000711dff330) 
thrown [s\open\src\hotspot\share\interpreter\linkResolver.cpp, line 826]
Event: 5.029 Thread 0x000001ec576f1cf0 Exception <a 'java/lang/IncompatibleClassChangeError'{0x000000070aa458e8}: Found class java.lang.Object, but interface was expected> (0x000000070aa458e8) 
thrown [s\open\src\hotspot\share\interpreter\linkResolver.cpp, line 826]

VM Operations (20 events):
Event: 4.662 Executing VM operation: HandshakeAllThreads
Event: 4.662 Executing VM operation: HandshakeAllThreads done
Event: 4.741 Executing VM operation: ICBufferFull
Event: 4.741 Executing VM operation: ICBufferFull done
Event: 4.771 Executing VM operation: G1CollectForAllocation
Event: 4.774 Executing VM operation: G1CollectForAllocation done
Event: 4.899 Executing VM operation: HandshakeAllThreads
Event: 4.899 Executing VM operation: HandshakeAllThreads done
Event: 5.064 Executing VM operation: HandshakeAllThreads
Event: 5.064 Executing VM operation: HandshakeAllThreads done
Event: 5.064 Executing VM operation: HandshakeAllThreads
Event: 5.064 Executing VM operation: HandshakeAllThreads done
Event: 5.140 Executing VM operation: ICBufferFull
Event: 5.141 Executing VM operation: ICBufferFull done
Event: 5.215 Executing VM operation: CollectForMetadataAllocation
Event: 5.219 Executing VM operation: CollectForMetadataAllocation done
Event: 5.231 Executing VM operation: G1Concurrent
Event: 5.233 Executing VM operation: G1Concurrent done
Event: 5.237 Executing VM operation: G1Concurrent
Event: 5.237 Executing VM operation: G1Concurrent done

Events (20 events):
Event: 4.725 loading class javax/naming/Reference
Event: 4.725 loading class javax/naming/Reference done
Event: 4.744 loading class java/lang/SafeVarargs
Event: 4.744 loading class java/lang/SafeVarargs done
Event: 4.744 loading class sun/reflect/generics/reflectiveObjects/GenericArrayTypeImpl
Event: 4.744 loading class sun/reflect/generics/reflectiveObjects/GenericArrayTypeImpl done
Event: 4.769 loading class java/util/concurrent/ConcurrentHashMap$TreeNode
Event: 4.770 loading class java/util/concurrent/ConcurrentHashMap$TreeNode done
Event: 4.770 loading class java/util/concurrent/ConcurrentHashMap$TreeBin
Event: 4.770 loading class java/util/concurrent/ConcurrentHashMap$TreeBin done
Event: 4.910 loading class java/util/WeakHashMap$KeyIterator
Event: 4.910 loading class java/util/WeakHashMap$HashIterator
Event: 4.910 loading class java/util/WeakHashMap$HashIterator done
Event: 4.910 loading class java/util/WeakHashMap$KeyIterator done
Event: 4.910 loading class java/util/WeakHashMap$EntrySet
Event: 4.911 loading class java/util/WeakHashMap$EntrySet done
Event: 4.911 loading class java/util/WeakHashMap$EntryIterator
Event: 4.911 loading class java/util/WeakHashMap$EntryIterator done
Event: 5.033 loading class java/lang/Package$1PackageInfoProxy
Event: 5.033 loading class java/lang/Package$1PackageInfoProxy done


Dynamic libraries:
0x00007ff7b10d0000 - 0x00007ff7b10e0000 	C:\Program Files\Java\jdk-17\bin\java.exe
0x00007ffb4da10000 - 0x00007ffb4dc08000 	C:\Windows\SYSTEM32\ntdll.dll
0x00007ffb4d3a0000 - 0x00007ffb4d45d000 	C:\Windows\System32\KERNEL32.DLL
0x00007ffb4b5a0000 - 0x00007ffb4b896000 	C:\Windows\System32\KERNELBASE.dll
0x00007ffb4b0c0000 - 0x00007ffb4b1c0000 	C:\Windows\System32\ucrtbase.dll
0x00007ffb2b420000 - 0x00007ffb2b43b000 	C:\Program Files\Java\jdk-17\bin\VCRUNTIME140.dll
0x00007ffb292d0000 - 0x00007ffb292e9000 	C:\Program Files\Java\jdk-17\bin\jli.dll
0x00007ffb4c590000 - 0x00007ffb4c640000 	C:\Windows\System32\ADVAPI32.dll
0x00007ffb4c640000 - 0x00007ffb4c6de000 	C:\Windows\System32\msvcrt.dll
0x00007ffb4c740000 - 0x00007ffb4c7e0000 	C:\Windows\System32\sechost.dll
0x00007ffb4c890000 - 0x00007ffb4c9b3000 	C:\Windows\System32\RPCRT4.dll
0x00007ffb4b8a0000 - 0x00007ffb4b8c7000 	C:\Windows\System32\bcrypt.dll
0x00007ffb4ca50000 - 0x00007ffb4cbef000 	C:\Windows\System32\USER32.dll
0x00007ffb4b270000 - 0x00007ffb4b292000 	C:\Windows\System32\win32u.dll
0x00007ffb30120000 - 0x00007ffb303ba000 	C:\Windows\WinSxS\amd64_microsoft.windows.common-controls_6595b64144ccf1df_6.0.19041.3636_none_60b6a03d71f818d5\COMCTL32.dll
0x00007ffb4c3b0000 - 0x00007ffb4c3db000 	C:\Windows\System32\GDI32.dll
0x00007ffb4b8d0000 - 0x00007ffb4b9e7000 	C:\Windows\System32\gdi32full.dll
0x00007ffb4b400000 - 0x00007ffb4b49d000 	C:\Windows\System32\msvcp_win.dll
0x00007ffb45dd0000 - 0x00007ffb45dda000 	C:\Windows\SYSTEM32\VERSION.dll
0x00007ffb4d360000 - 0x00007ffb4d392000 	C:\Windows\System32\IMM32.DLL
0x00007ffb33810000 - 0x00007ffb3381c000 	C:\Program Files\Java\jdk-17\bin\vcruntime140_1.dll
0x00007ffad4510000 - 0x00007ffad459e000 	C:\Program Files\Java\jdk-17\bin\msvcp140.dll
0x00007ffac7ad0000 - 0x00007ffac86ae000 	C:\Program Files\Java\jdk-17\bin\server\jvm.dll
0x00007ffb4c0b0000 - 0x00007ffb4c0b8000 	C:\Windows\System32\PSAPI.DLL
0x00007ffb48810000 - 0x00007ffb48819000 	C:\Windows\SYSTEM32\WSOCK32.dll
0x00007ffb3c980000 - 0x00007ffb3c9a7000 	C:\Windows\SYSTEM32\WINMM.dll
0x00007ffb4d460000 - 0x00007ffb4d4cb000 	C:\Windows\System32\WS2_32.dll
0x00007ffb48f70000 - 0x00007ffb48f82000 	C:\Windows\SYSTEM32\kernel.appcore.dll
0x00007ffb30a20000 - 0x00007ffb30a2a000 	C:\Program Files\Java\jdk-17\bin\jimage.dll
0x00007ffb42230000 - 0x00007ffb42414000 	C:\Windows\SYSTEM32\DBGHELP.DLL
0x00007ffb31e40000 - 0x00007ffb31e74000 	C:\Windows\SYSTEM32\dbgcore.DLL
0x00007ffb4b510000 - 0x00007ffb4b592000 	C:\Windows\System32\bcryptPrimitives.dll
0x00007ffb26db0000 - 0x00007ffb26dd5000 	C:\Program Files\Java\jdk-17\bin\java.dll
0x00007ffac79f0000 - 0x00007ffac7ac7000 	C:\Program Files\Java\jdk-17\bin\jsvml.dll
0x00007ffb4cbf0000 - 0x00007ffb4d35b000 	C:\Windows\System32\SHELL32.dll
0x00007ffb49170000 - 0x00007ffb4990e000 	C:\Windows\SYSTEM32\windows.storage.dll
0x00007ffb4d5a0000 - 0x00007ffb4d8f3000 	C:\Windows\System32\combase.dll
0x00007ffb4aa20000 - 0x00007ffb4aa4e000 	C:\Windows\SYSTEM32\Wldp.dll
0x00007ffb4d4d0000 - 0x00007ffb4d59d000 	C:\Windows\System32\OLEAUT32.dll
0x00007ffb4c7e0000 - 0x00007ffb4c88d000 	C:\Windows\System32\SHCORE.dll
0x00007ffb4c6e0000 - 0x00007ffb4c735000 	C:\Windows\System32\shlwapi.dll
0x00007ffb4aff0000 - 0x00007ffb4b013000 	C:\Windows\SYSTEM32\profapi.dll
0x00007ffb27810000 - 0x00007ffb27829000 	C:\Program Files\Java\jdk-17\bin\net.dll
0x00007ffb41cf0000 - 0x00007ffb41dfa000 	C:\Windows\SYSTEM32\WINHTTP.dll
0x00007ffb4a780000 - 0x00007ffb4a7ea000 	C:\Windows\system32\mswsock.dll
0x00007ffb27310000 - 0x00007ffb27326000 	C:\Program Files\Java\jdk-17\bin\nio.dll
0x00007ffb27130000 - 0x00007ffb27148000 	C:\Program Files\Java\jdk-17\bin\zip.dll
0x00007ffb2f530000 - 0x00007ffb2f53a000 	C:\Program Files\Java\jdk-17\bin\management.dll
0x00007ffb2f520000 - 0x00007ffb2f52b000 	C:\Program Files\Java\jdk-17\bin\management_ext.dll
0x00007ffb2f510000 - 0x00007ffb2f51e000 	C:\Program Files\Java\jdk-17\bin\sunmscapi.dll
0x00007ffb4b2a0000 - 0x00007ffb4b3fe000 	C:\Windows\System32\CRYPT32.dll
0x00007ffb4aa90000 - 0x00007ffb4aab8000 	C:\Windows\SYSTEM32\ncrypt.dll
0x00007ffb4aa50000 - 0x00007ffb4aa8b000 	C:\Windows\SYSTEM32\NTASN1.dll
0x00007ffb4a980000 - 0x00007ffb4a998000 	C:\Windows\SYSTEM32\CRYPTSP.dll
0x00007ffb4a0a0000 - 0x00007ffb4a0d4000 	C:\Windows\system32\rsaenh.dll
0x00007ffb4afb0000 - 0x00007ffb4afde000 	C:\Windows\SYSTEM32\USERENV.dll
0x00007ffb4a970000 - 0x00007ffb4a97c000 	C:\Windows\SYSTEM32\CRYPTBASE.dll
0x00007ffb4a460000 - 0x00007ffb4a49b000 	C:\Windows\SYSTEM32\IPHLPAPI.DLL
0x00007ffb4ba50000 - 0x00007ffb4ba58000 	C:\Windows\System32\NSI.dll
0x00007ffb42550000 - 0x00007ffb42567000 	C:\Windows\SYSTEM32\dhcpcsvc6.DLL
0x00007ffb42530000 - 0x00007ffb4254d000 	C:\Windows\SYSTEM32\dhcpcsvc.DLL
0x00007ffb4a4a0000 - 0x00007ffb4a56b000 	C:\Windows\SYSTEM32\DNSAPI.dll
0x00007ffb2b240000 - 0x00007ffb2b250000 	C:\Program Files\Java\jdk-17\bin\verify.dll

dbghelp: loaded successfully - version: 4.0.5 - missing functions: none
symbol engine: initialized successfully - sym options: 0x614 - pdb path: .;C:\Program Files\Java\jdk-17\bin;C:\Windows\SYSTEM32;C:\Windows\WinSxS\amd64_microsoft.windows.common-controls_6595b64144ccf1df_6.0.19041.3636_none_60b6a03d71f818d5;C:\Program Files\Java\jdk-17\bin\server

VM Arguments:
jvm_args: -Dfile.encoding=windows-1252 -Duser.country=AR -Duser.language=es -Duser.variant 
java_command: com.example.BackEndElBuenSabor.BackEndElBuenSaborApplication
java_class_path (initial): C:\Users\Usuario\Desktop\TECNICATURA SUPERIOR EN PROGRAMACION\CUARTO SEMESTRE\METODOLOGIA DE SISTEMAS\EL BUEN SABOR - PROYECTO\BackEnd-El-Buen-Sabor\build\classes\java\main;C:\Users\Usuario\Desktop\TECNICATURA SUPERIOR EN PROGRAMACION\CUARTO SEMESTRE\METODOLOGIA DE SISTEMAS\EL BUEN SABOR - PROYECTO\BackEnd-El-Buen-Sabor\build\resources\main;C:\Users\Usuario\.gradle\caches\modules-2\files-2.1\org.springframework.boot\spring-boot-devtools\3.2.4\ccd261700a4ff8e8f629a4d267f0b4f53ca17897\spring-boot-devtools-3.2.4.jar;C:\Users\Usuario\.gradle\caches\modules-2\files-2.1\org.springframework.boot\spring-boot-starter-data-jpa\3.2.4\d8c5f393d9b18d96021b3e02d80e4356c5cbe0f7\spring-boot-starter-data-jpa-3.2.4.jar;C:\Users\Usuario\.gradle\caches\modules-2\files-2.1\org.springframework.boot\spring-boot-starter-web\3.2.4\a74df12b71060da7c8e87f9a8c2ef4ea43fc8017\spring-boot-starter-web-3.2.4.jar;C:\Users\Usuario\.gradle\caches\modules-2\files-2.1\org.mapstruct\mapstruct\1.5.5.Final\2ca3cbe39b6e9ea8d5ea521965a89bef2a1e8eeb\mapstruct-1.5.5.Final.jar;C:\Users\Usuario\.gradle\caches\modules-2\files-2.1\com.h2database\h2\2.2.224\7bdade27d8cd197d9b5ce9dc251f41d2edc5f7ad\h2-2.2.224.jar;C:\Users\Usuario\.gradle\caches\modules-2\files-2.1\org.springframework.boot\spring-boot-starter-aop\3.2.4\11aedc0a23c43947608f2122eed08eabe5e2994c\spring-boot-starter-aop-3.2.4.jar;C:\Users\Usuario\.gradle\caches\modules-2\files-2.1\org.springframework.boot\spring-boot-starter-jdbc\3.2.4\7dd399e7ba19d62cae32be6e20edac37ff8fcbc0\spring-boot-starter-jdbc-3.2.4.jar;C:\Users\Usuario\.gradle\caches\modules-2\files-2.1\org.springframework.boot\spring-boot-starter-json\3.2.4\ef3f72369ce7f6f7a7b02c0b23e60ef5bdf581b1\spring-boot-starter-json-3.2.4.jar;C:\Users\Usuario\.gradle\caches\modules-2\files-2.1\org.springframework.boot\spring-boot-starter\3.2.4\842cf7f0ed2ecfef3011f3191fc53c59ceed752\spring-boot-starter-3.2.4.jar;C:\Users\Usuario\.gradle\caches\modules-2\files-2.1\org.springfram
Launcher Type: SUN_STANDARD

[Global flags]
     intx CICompilerCount                          = 4                                         {product} {ergonomic}
     uint ConcGCThreads                            = 3                                         {product} {ergonomic}
     uint G1ConcRefinementThreads                  = 10                                        {product} {ergonomic}
   size_t G1HeapRegionSize                         = 2097152                                   {product} {ergonomic}
    uintx GCDrainStackTargetSize                   = 64                                        {product} {ergonomic}
   size_t InitialHeapSize                          = 266338304                                 {product} {ergonomic}
   size_t MarkStackSize                            = 4194304                                   {product} {ergonomic}
   size_t MaxHeapSize                              = 4261412864                                {product} {ergonomic}
   size_t MaxNewSize                               = 2556428288                                {product} {ergonomic}
   size_t MinHeapDeltaBytes                        = 2097152                                   {product} {ergonomic}
   size_t MinHeapSize                              = 8388608                                   {product} {ergonomic}
    uintx NonNMethodCodeHeapSize                   = 5839372                                {pd product} {ergonomic}
    uintx NonProfiledCodeHeapSize                  = 122909434                              {pd product} {ergonomic}
    uintx ProfiledCodeHeapSize                     = 122909434                              {pd product} {ergonomic}
    uintx ReservedCodeCacheSize                    = 251658240                              {pd product} {ergonomic}
     bool SegmentedCodeCache                       = true                                      {product} {ergonomic}
   size_t SoftMaxHeapSize                          = 4261412864                             {manageable} {ergonomic}
     bool UseCompressedClassPointers               = true                           {product lp64_product} {ergonomic}
     bool UseCompressedOops                        = true                           {product lp64_product} {ergonomic}
     bool UseG1GC                                  = true                                      {product} {ergonomic}
     bool UseLargePagesIndividualAllocation        = false                                  {pd product} {ergonomic}

Logging:
Log output configuration:
 #0: stdout all=warning uptime,level,tags
 #1: stderr all=off uptime,level,tags

Environment Variables:
PATH=C:\Program Files\Common Files\Oracle\Java\javapath;C:\Program Files (x86)\NVIDIA Corporation\PhysX\Common;C:\Program Files (x86)\Common Files\Oracle\Java\javapath;C:\ProgramData\Oracle\Java\javapath;C:\Windows\system32;C:\Windows;C:\Windows\System32\Wbem;C:\Windows\System32\WindowsPowerShell\v1.0\;C:\Windows\System32\OpenSSH\;C:\Program Files\Crucial\Crucial Storage Executive;C:\Program Files\Microsoft SQL Server\150\Tools\Binn\;C:\apache-maven-3.9.1\bin;C:\Program Files\dotnet\;C:\tool\gradle-8.3\bin;C:\Program Files\Microsoft SQL Server\Client SDK\ODBC\170\Tools\Binn\;C:\Program Files\Git\cmd;C:\Program Files\nodejs\;C:\ProgramData\chocolatey\bin;C:\Users\Usuario\.console-ninja\.bin;C:\Users\Usuario\AppData\Local\Microsoft\WindowsApps;C:\Users\Usuario\AppData\Local\Programs\Microsoft VS Code\bin;C:\Users\Usuario\.dotnet\tools;C:\Users\Usuario\AppData\Roaming\npm
USERNAME=Bruno
OS=Windows_NT
PROCESSOR_IDENTIFIER=AMD64 Family 25 Model 80 Stepping 0, AuthenticAMD



---------------  S Y S T E M  ---------------

OS:
 Windows 10 , 64 bit Build 19041 (10.0.19041.3636)
OS uptime: 0 days 8:57 hours

CPU: total 12 (initial active 12) (12 cores per cpu, 2 threads per core) family 25 model 80 stepping 0 microcode 0x0, cx8, cmov, fxsr, ht, mmx, 3dnowpref, sse, sse2, sse3, ssse3, sse4a, sse4.1, sse4.2, popcnt, lzcnt, tsc, tscinvbit, avx, avx2, aes, erms, clmul, bmi1, bmi2, adx, sha, fma, vzeroupper, clflush, clflushopt

Memory: 4k page, system-wide physical 16253M (6026M free)
TotalPageFile size 32637M (AvailPageFile size 5M)
current process WorkingSet (physical memory assigned to process): 333M, peak: 343M
current process commit charge ("private bytes"): 393M, peak: 416M

vm_info: Java HotSpot(TM) 64-Bit Server VM (17.0.8+9-LTS-211) for windows-amd64 JRE (17.0.8+9-LTS-211), built on Jun 14 2023 10:34:31 by "mach5one" with MS VC++ 17.1 (VS2022)

END.
