#
# There is insufficient memory for the Java Runtime Environment to continue.
# Native memory allocation (mmap) failed to map 102760448 bytes for G1 virtual space
# Possible reasons:
#   The system is out of physical RAM or swap space
#   The process is running with CompressedOops enabled, and the Java Heap may be blocking the growth of the native heap
# Possible solutions:
#   Reduce memory load on the system
#   Increase physical memory or swap space
#   Check if swap backing store is full
#   Decrease Java heap size (-Xmx/-Xms)
#   Decrease number of Java threads
#   Decrease Java thread stack sizes (-Xss)
#   Set larger code cache with -XX:ReservedCodeCacheSize=
#   JVM is running with Zero Based Compressed Oops mode in which the Java heap is
#     placed in the first 32GB address space. The Java Heap base address is the
#     maximum limit for the native heap growth. Please use -XX:HeapBaseMinAddress
#     to set the Java Heap base and to place the Java Heap above 32GB virtual address.
# This output file may be truncated or incomplete.
#
#  Out of Memory Error (os_windows.cpp:3550), pid=25348, tid=23828
#
# JRE version: Java(TM) SE Runtime Environment (17.0.8+9) (build 17.0.8+9-LTS-211)
# Java VM: Java HotSpot(TM) 64-Bit Server VM (17.0.8+9-LTS-211, mixed mode, sharing, tiered, compressed oops, compressed class ptrs, g1 gc, windows-amd64)
# No core dump will be written. Minidumps are not enabled by default on client versions of Windows
#

---------------  S U M M A R Y ------------

Command Line: -Dfile.encoding=windows-1252 -Duser.country=AR -Duser.language=es -Duser.variant com.example.BackEndElBuenSabor.BackEndElBuenSaborApplication

Host: AMD Ryzen 5 5600G with Radeon Graphics         , 12 cores, 15G,  Windows 10 , 64 bit Build 19041 (10.0.19041.3636)
Time: Thu May  2 17:29:34 2024 Hora estándar de Argentina elapsed time: 5.508100 seconds (0d 0h 0m 5s)

---------------  T H R E A D  ---------------

Current thread (0x0000018af853ea20):  VMThread "VM Thread" [stack: 0x0000003e28e00000,0x0000003e28f00000] [id=23828]

Stack: [0x0000003e28e00000,0x0000003e28f00000]
Native frames: (J=compiled Java code, j=interpreted, Vv=VM code, C=native code)
V  [jvm.dll+0x677d0a]
V  [jvm.dll+0x7d8c54]
V  [jvm.dll+0x7da3fe]
V  [jvm.dll+0x7daa63]
V  [jvm.dll+0x245c5f]
V  [jvm.dll+0x674bb9]
V  [jvm.dll+0x6694f2]
V  [jvm.dll+0x3031d6]
V  [jvm.dll+0x30a756]
V  [jvm.dll+0x359f9e]
V  [jvm.dll+0x35a1cf]
V  [jvm.dll+0x2da3e8]
V  [jvm.dll+0x2d87f5]
V  [jvm.dll+0x2d7dfc]
V  [jvm.dll+0x31b4cb]
V  [jvm.dll+0x7df26b]
V  [jvm.dll+0x7dffa4]
V  [jvm.dll+0x7e04bd]
V  [jvm.dll+0x7e0894]
V  [jvm.dll+0x7e0960]
V  [jvm.dll+0x788bba]
V  [jvm.dll+0x676b35]
C  [ucrtbase.dll+0x21bb2]
C  [KERNEL32.DLL+0x17344]
C  [ntdll.dll+0x526b1]

VM_Operation (0x0000003e29efd150): G1CollectForAllocation, mode: safepoint, requested by thread 0x0000018afd937400


---------------  P R O C E S S  ---------------

Threads class SMR info:
_java_thread_list=0x0000018ac1625e60, length=21, elements={
0x0000018ad53f6f10, 0x0000018af8544590, 0x0000018af8545ab0, 0x0000018af85585a0,
0x0000018af855a070, 0x0000018af8680820, 0x0000018af8681880, 0x0000018af8686880,
0x0000018af86a6e50, 0x0000018af86a82f0, 0x0000018af87dc440, 0x0000018af87eff80,
0x0000018afd5043a0, 0x0000018afd937400, 0x0000018afea98fc0, 0x0000018afea9b640,
0x0000018afea9bfe0, 0x0000018afea9aca0, 0x0000018afea99960, 0x0000018afdf91ec0,
0x0000018afdf923d0
}

Java Threads: ( => current thread )
  0x0000018ad53f6f10 JavaThread "main" [_thread_blocked, id=23796, stack(0x0000003e28800000,0x0000003e28900000)]
  0x0000018af8544590 JavaThread "Reference Handler" daemon [_thread_blocked, id=23820, stack(0x0000003e28f00000,0x0000003e29000000)]
  0x0000018af8545ab0 JavaThread "Finalizer" daemon [_thread_blocked, id=23824, stack(0x0000003e29000000,0x0000003e29100000)]
  0x0000018af85585a0 JavaThread "Signal Dispatcher" daemon [_thread_blocked, id=23800, stack(0x0000003e29100000,0x0000003e29200000)]
  0x0000018af855a070 JavaThread "Attach Listener" daemon [_thread_blocked, id=24460, stack(0x0000003e29200000,0x0000003e29300000)]
  0x0000018af8680820 JavaThread "Service Thread" daemon [_thread_blocked, id=23664, stack(0x0000003e29300000,0x0000003e29400000)]
  0x0000018af8681880 JavaThread "Monitor Deflation Thread" daemon [_thread_blocked, id=23696, stack(0x0000003e29400000,0x0000003e29500000)]
  0x0000018af8686880 JavaThread "C2 CompilerThread0" daemon [_thread_blocked, id=23956, stack(0x0000003e29500000,0x0000003e29600000)]
  0x0000018af86a6e50 JavaThread "C1 CompilerThread0" daemon [_thread_blocked, id=23952, stack(0x0000003e29600000,0x0000003e29700000)]
  0x0000018af86a82f0 JavaThread "Sweeper thread" daemon [_thread_blocked, id=21120, stack(0x0000003e29700000,0x0000003e29800000)]
  0x0000018af87dc440 JavaThread "Notification Thread" daemon [_thread_blocked, id=23972, stack(0x0000003e29800000,0x0000003e29900000)]
  0x0000018af87eff80 JavaThread "Common-Cleaner" daemon [_thread_blocked, id=24492, stack(0x0000003e29a00000,0x0000003e29b00000)]
  0x0000018afd5043a0 JavaThread "Thread-0" [_thread_blocked, id=12040, stack(0x0000003e29d00000,0x0000003e29e00000)]
  0x0000018afd937400 JavaThread "restartedMain" [_thread_blocked, id=6684, stack(0x0000003e29e00000,0x0000003e29f00000)]
  0x0000018afea98fc0 JavaThread "HikariPool-1 housekeeper" daemon [_thread_blocked, id=23588, stack(0x0000003e2aa00000,0x0000003e2ab00000)]
  0x0000018afea9b640 JavaThread "Catalina-utility-1" [_thread_blocked, id=25588, stack(0x0000003e2ab00000,0x0000003e2ac00000)]
  0x0000018afea9bfe0 JavaThread "Catalina-utility-2" [_thread_blocked, id=23948, stack(0x0000003e2ac00000,0x0000003e2ad00000)]
  0x0000018afea9aca0 JavaThread "container-0" [_thread_blocked, id=19904, stack(0x0000003e2ad00000,0x0000003e2ae00000)]
  0x0000018afea99960 JavaThread "HikariPool-1 connection adder" daemon [_thread_blocked, id=23172, stack(0x0000003e2ae00000,0x0000003e2af00000)]
  0x0000018afdf91ec0 JavaThread "C2 CompilerThread1" daemon [_thread_blocked, id=22624, stack(0x0000003e29b00000,0x0000003e29c00000)]
  0x0000018afdf923d0 JavaThread "C2 CompilerThread2" daemon [_thread_blocked, id=18208, stack(0x0000003e29c00000,0x0000003e29d00000)]

Other Threads:
=>0x0000018af853ea20 VMThread "VM Thread" [stack: 0x0000003e28e00000,0x0000003e28f00000] [id=23828]
  0x0000018af87ec160 WatcherThread [stack: 0x0000003e29900000,0x0000003e29a00000] [id=21272]
  0x0000018ad54625e0 GCTaskThread "GC Thread#0" [stack: 0x0000003e28900000,0x0000003e28a00000] [id=23808]
  0x0000018afdab3c10 GCTaskThread "GC Thread#1" [stack: 0x0000003e29f00000,0x0000003e2a000000] [id=12204]
  0x0000018afe10c9c0 GCTaskThread "GC Thread#2" [stack: 0x0000003e2a000000,0x0000003e2a100000] [id=11740]
  0x0000018afe11e660 GCTaskThread "GC Thread#3" [stack: 0x0000003e2a100000,0x0000003e2a200000] [id=22164]
  0x0000018afe11e910 GCTaskThread "GC Thread#4" [stack: 0x0000003e2a200000,0x0000003e2a300000] [id=17012]
  0x0000018afe11ebc0 GCTaskThread "GC Thread#5" [stack: 0x0000003e2a300000,0x0000003e2a400000] [id=25184]
  0x0000018afe0f4b40 GCTaskThread "GC Thread#6" [stack: 0x0000003e2a500000,0x0000003e2a600000] [id=23576]
  0x0000018afe6aad00 GCTaskThread "GC Thread#7" [stack: 0x0000003e2a600000,0x0000003e2a700000] [id=21888]
  0x0000018afe24d0f0 GCTaskThread "GC Thread#8" [stack: 0x0000003e2a400000,0x0000003e2a500000] [id=24672]
  0x0000018afe24c380 GCTaskThread "GC Thread#9" [stack: 0x0000003e2a700000,0x0000003e2a800000] [id=9592]
  0x0000018ad5474240 ConcurrentGCThread "G1 Main Marker" [stack: 0x0000003e28a00000,0x0000003e28b00000] [id=23804]
  0x0000018ad5475300 ConcurrentGCThread "G1 Conc#0" [stack: 0x0000003e28b00000,0x0000003e28c00000] [id=23812]
  0x0000018afe24c8e0 ConcurrentGCThread "G1 Conc#1" [stack: 0x0000003e2a800000,0x0000003e2a900000] [id=16964]
  0x0000018afe24cb90 ConcurrentGCThread "G1 Conc#2" [stack: 0x0000003e2a900000,0x0000003e2aa00000] [id=20560]
  0x0000018af83f40f0 ConcurrentGCThread "G1 Refine#0" [stack: 0x0000003e28c00000,0x0000003e28d00000] [id=23776]
  0x0000018af83f4a20 ConcurrentGCThread "G1 Service" [stack: 0x0000003e28d00000,0x0000003e28e00000] [id=23816]

Threads with active compile tasks:
C2 CompilerThread0     5528 7171 % !   4       org.springframework.util.ReflectionUtils::doWithMethods @ 31 (186 bytes)
C2 CompilerThread1     5528 7182   !   4       org.springframework.core.annotation.AnnotationsScanner::processMethodHierarchy (276 bytes)
C2 CompilerThread2     5528 7140       4       org.springframework.core.annotation.TypeMappedAnnotations::get (52 bytes)

VM state: at safepoint (normal execution)

VM Mutex/Monitor currently owned by a thread:  ([mutex/lock_event])
[0x0000018ad53f39a0] Threads_lock - owner thread: 0x0000018af853ea20
[0x0000018ad53f23b0] Heap_lock - owner thread: 0x0000018afd937400

Heap address: 0x0000000702000000, size: 4064 MB, Compressed Oops mode: Zero based, Oop shift amount: 3

CDS archive(s) mapped at: [0x0000018a80000000-0x0000018a80bd0000-0x0000018a80bd0000), size 12386304, SharedBaseAddress: 0x0000018a80000000, ArchiveRelocationMode: 1.
Compressed class space mapped at: 0x0000018a81000000-0x0000018ac1000000, reserved size: 1073741824
Narrow klass base: 0x0000018a80000000, Narrow klass shift: 0, Narrow klass range: 0x100000000

GC Precious Log:
 CPUs: 12 total, 12 available
 Memory: 16253M
 Large Page Support: Disabled
 NUMA Support: Disabled
 Compressed Oops: Enabled (Zero based)
 Heap Region Size: 2M
 Heap Min Capacity: 8M
 Heap Initial Capacity: 254M
 Heap Max Capacity: 4064M
 Pre-touch: Disabled
 Parallel Workers: 10
 Concurrent Workers: 3
 Concurrent Refinement Workers: 10
 Periodic GC: Disabled

Heap:
 garbage-first heap   total 59392K, used 28936K [0x0000000702000000, 0x0000000800000000)
  region size 2048K, 2 young (4096K), 2 survivors (4096K)
 Metaspace       used 60960K, committed 61504K, reserved 1114112K
  class space    used 8212K, committed 8448K, reserved 1048576K

Heap Regions: E=young(eden), S=young(survivor), O=old, HS=humongous(starts), HC=humongous(continues), CS=collection set, F=free, OA=open archive, CA=closed archive, TAMS=top-at-mark-start (previous, next)
|   0|0x0000000702000000, 0x0000000702200000, 0x0000000702200000|100%| O|  |TAMS 0x0000000702200000, 0x0000000702000000| Untracked 
|   1|0x0000000702200000, 0x0000000702400000, 0x0000000702400000|100%| O|  |TAMS 0x0000000702400000, 0x0000000702200000| Untracked 
|   2|0x0000000702400000, 0x0000000702600000, 0x0000000702600000|100%| O|  |TAMS 0x0000000702600000, 0x0000000702400000| Untracked 
|   3|0x0000000702600000, 0x0000000702800000, 0x0000000702800000|100%| O|  |TAMS 0x0000000702800000, 0x0000000702600000| Untracked 
|   4|0x0000000702800000, 0x0000000702a00000, 0x0000000702a00000|100%| O|  |TAMS 0x0000000702a00000, 0x0000000702800000| Untracked 
|   5|0x0000000702a00000, 0x0000000702c00000, 0x0000000702c00000|100%| O|  |TAMS 0x0000000702c00000, 0x0000000702a00000| Untracked 
|   6|0x0000000702c00000, 0x0000000702e00000, 0x0000000702e00000|100%| O|  |TAMS 0x0000000702e00000, 0x0000000702c00000| Untracked 
|   7|0x0000000702e00000, 0x0000000703000000, 0x0000000703000000|100%| O|  |TAMS 0x0000000703000000, 0x0000000702e00000| Untracked 
|   8|0x0000000703000000, 0x0000000703200000, 0x0000000703200000|100%| O|  |TAMS 0x0000000703200000, 0x0000000703000000| Untracked 
|   9|0x0000000703200000, 0x0000000703400000, 0x0000000703400000|100%| O|  |TAMS 0x0000000703400000, 0x0000000703200000| Untracked 
|  10|0x0000000703400000, 0x0000000703600000, 0x0000000703600000|100%| O|  |TAMS 0x0000000703600000, 0x0000000703400000| Untracked 
|  11|0x0000000703600000, 0x0000000703800000, 0x0000000703800000|100%| O|  |TAMS 0x0000000703800000, 0x0000000703600000| Untracked 
|  12|0x0000000703800000, 0x0000000703912e00, 0x0000000703a00000| 53%| O|  |TAMS 0x0000000703912e00, 0x0000000703800000| Untracked 
|  13|0x0000000703a00000, 0x0000000703a00000, 0x0000000703c00000|  0%| F|  |TAMS 0x0000000703a00000, 0x0000000703a00000| Untracked 
|  14|0x0000000703c00000, 0x0000000703c00000, 0x0000000703e00000|  0%| F|  |TAMS 0x0000000703c00000, 0x0000000703c00000| Untracked 
|  15|0x0000000703e00000, 0x0000000703e00000, 0x0000000704000000|  0%| F|  |TAMS 0x0000000703e00000, 0x0000000703e00000| Untracked 
|  16|0x0000000704000000, 0x0000000704000000, 0x0000000704200000|  0%| F|  |TAMS 0x0000000704000000, 0x0000000704000000| Untracked 
|  17|0x0000000704200000, 0x0000000704200000, 0x0000000704400000|  0%| F|  |TAMS 0x0000000704200000, 0x0000000704200000| Untracked 
|  18|0x0000000704400000, 0x000000070452f200, 0x0000000704600000| 59%| S|CS|TAMS 0x0000000704400000, 0x0000000704400000| Complete 
|  19|0x0000000704600000, 0x0000000704800000, 0x0000000704800000|100%| S|CS|TAMS 0x0000000704600000, 0x0000000704600000| Complete 
|  20|0x0000000704800000, 0x0000000704800000, 0x0000000704a00000|  0%| F|  |TAMS 0x0000000704800000, 0x0000000704800000| Untracked 
|  21|0x0000000704a00000, 0x0000000704a00000, 0x0000000704c00000|  0%| F|  |TAMS 0x0000000704a00000, 0x0000000704a00000| Untracked 
|  22|0x0000000704c00000, 0x0000000704c00000, 0x0000000704e00000|  0%| F|  |TAMS 0x0000000704c00000, 0x0000000704c00000| Untracked 
|  23|0x0000000704e00000, 0x0000000704e00000, 0x0000000705000000|  0%| F|  |TAMS 0x0000000704e00000, 0x0000000704e00000| Untracked 
|  83|0x000000070c600000, 0x000000070c600000, 0x000000070c800000|  0%| F|  |TAMS 0x000000070c600000, 0x000000070c600000| Untracked 
|  84|0x000000070c800000, 0x000000070c800000, 0x000000070ca00000|  0%| F|  |TAMS 0x000000070c800000, 0x000000070c800000| Untracked 
|  85|0x000000070ca00000, 0x000000070ca00000, 0x000000070cc00000|  0%| F|  |TAMS 0x000000070ca00000, 0x000000070ca00000| Untracked 
|  86|0x000000070cc00000, 0x000000070cc00000, 0x000000070ce00000|  0%| F|  |TAMS 0x000000070cc00000, 0x000000070cc00000| Untracked 
| 126|0x0000000711c00000, 0x0000000711c00000, 0x0000000711e00000|  0%| F|  |TAMS 0x0000000711c00000, 0x0000000711c00000| Untracked 

Card table byte_map: [0x0000018aec9d0000,0x0000018aed1c0000] _byte_map_base: 0x0000018ae91c0000

Marking Bits (Prev, Next): (CMBitMap*) 0x0000018ad5463b50, (CMBitMap*) 0x0000018ad5463b10
 Prev Bits: [0x0000018af1930000, 0x0000018af58b0000)
 Next Bits: [0x0000018aed9b0000, 0x0000018af1930000)

Polling page: 0x0000018ad3150000

Metaspace:

Usage:
  Non-class:     51.51 MB used.
      Class:      8.02 MB used.
       Both:     59.53 MB used.

Virtual space:
  Non-class space:       64.00 MB reserved,      51.81 MB ( 81%) committed,  1 nodes.
      Class space:        1.00 GB reserved,       8.25 MB ( <1%) committed,  1 nodes.
             Both:        1.06 GB reserved,      60.06 MB (  6%) committed. 

Chunk freelists:
   Non-Class:  11.80 MB
       Class:  7.69 MB
        Both:  19.48 MB

MaxMetaspaceSize: unlimited
CompressedClassSpaceSize: 1.00 GB
Initial GC threshold: 21.00 MB
Current GC threshold: 98.25 MB
CDS: on
MetaspaceReclaimPolicy: balanced
 - commit_granule_bytes: 65536.
 - commit_granule_words: 8192.
 - virtual_space_node_default_size: 8388608.
 - enlarge_chunks_in_place: 1.
 - new_chunks_are_fully_committed: 0.
 - uncommit_free_chunks: 1.
 - use_allocation_guard: 0.
 - handle_deallocations: 1.


Internal statistics:

num_allocs_failed_limit: 9.
num_arena_births: 810.
num_arena_deaths: 0.
num_vsnodes_births: 2.
num_vsnodes_deaths: 0.
num_space_committed: 961.
num_space_uncommitted: 0.
num_chunks_returned_to_freelist: 9.
num_chunks_taken_from_freelist: 3176.
num_chunk_merges: 9.
num_chunk_splits: 2245.
num_chunks_enlarged: 1683.
num_purges: 0.
num_inconsistent_stats: 0.

CodeHeap 'non-profiled nmethods': size=120000Kb used=4036Kb max_used=4036Kb free=115963Kb
 bounds [0x0000018ae4760000, 0x0000018ae4b60000, 0x0000018aebc90000]
CodeHeap 'profiled nmethods': size=120000Kb used=12391Kb max_used=12391Kb free=107608Kb
 bounds [0x0000018adcc90000, 0x0000018add8b0000, 0x0000018ae41c0000]
CodeHeap 'non-nmethods': size=5760Kb used=1347Kb max_used=1433Kb free=4412Kb
 bounds [0x0000018ae41c0000, 0x0000018ae4430000, 0x0000018ae4760000]
 total_blobs=7135 nmethods=6460 adapters=586
 compilation: enabled
              stopped_count=0, restarted_count=0
 full_count=0

Compilation events (20 events):
Event: 5.496 Thread 0x0000018af86a6e50 7190       1       java.util.AbstractList$RandomAccessSpliterator::characteristics (4 bytes)
Event: 5.496 Thread 0x0000018af86a6e50 nmethod 7190 0x0000018ae4b50b10 code [0x0000018ae4b50ca0, 0x0000018ae4b50d78]
Event: 5.496 Thread 0x0000018af86a6e50 7189       1       org.springframework.core.annotation.TypeMappedAnnotations$AggregatesSpliterator::characteristics (4 bytes)
Event: 5.496 Thread 0x0000018af86a6e50 nmethod 7189 0x0000018ae4b50e10 code [0x0000018ae4b50fa0, 0x0000018ae4b51078]
Event: 5.499 Thread 0x0000018af86a6e50 7191   !   2       org.springframework.core.annotation.AnnotationsScanner::processClassHierarchy (234 bytes)
Event: 5.500 Thread 0x0000018af86a6e50 nmethod 7191 0x0000018add8a7110 code [0x0000018add8a73a0, 0x0000018add8a7ab8]
Event: 5.500 Thread 0x0000018af86a6e50 7192       2       org.springframework.beans.factory.support.AbstractBeanFactory::getType (7 bytes)
Event: 5.500 Thread 0x0000018af86a6e50 nmethod 7192 0x0000018add3f8d90 code [0x0000018add3f8f20, 0x0000018add3f9048]
Event: 5.500 Thread 0x0000018af86a6e50 7193       2       java.util.concurrent.atomic.AtomicBoolean::get (13 bytes)
Event: 5.500 Thread 0x0000018af86a6e50 nmethod 7193 0x0000018add8a8110 code [0x0000018add8a82a0, 0x0000018add8a83b8]
Event: 5.500 Thread 0x0000018af86a6e50 7194       2       org.springframework.context.support.AbstractApplicationContext::assertBeanFactoryActive (55 bytes)
Event: 5.500 Thread 0x0000018af86a6e50 nmethod 7194 0x0000018add8a8490 code [0x0000018add8a8660, 0x0000018add8a89b8]
Event: 5.500 Thread 0x0000018af86a6e50 7195       2       org.springframework.context.support.ApplicationObjectSupport::obtainApplicationContext (21 bytes)
Event: 5.500 Thread 0x0000018af86a6e50 nmethod 7195 0x0000018add8a8b90 code [0x0000018add8a8d60, 0x0000018add8a9028]
Event: 5.500 Thread 0x0000018af86a6e50 7196       2       org.springframework.context.support.ApplicationObjectSupport::getApplicationContext (33 bytes)
Event: 5.500 Thread 0x0000018af86a6e50 nmethod 7196 0x0000018add8a9190 code [0x0000018add8a9340, 0x0000018add8a9538]
Event: 5.502 Thread 0x0000018af86a6e50 7198       2       sun.reflect.generics.parser.SignatureParser::parseIdentifier (13 bytes)
Event: 5.502 Thread 0x0000018af86a6e50 nmethod 7198 0x0000018add8a9690 code [0x0000018add8a9840, 0x0000018add8a9998]
Event: 5.502 Thread 0x0000018af86a6e50 7200       2       org.springframework.core.ResolvableType::forMethodParameter (23 bytes)
Event: 5.503 Thread 0x0000018af86a6e50 nmethod 7200 0x0000018add8a9a90 code [0x0000018add8a9ca0, 0x0000018add8aa2b8]

GC Heap History (20 events):
Event: 3.953 GC heap after
{Heap after GC invocations=13 (full 0):
 garbage-first heap   total 55296K, used 21625K [0x0000000702000000, 0x0000000800000000)
  region size 2048K, 2 young (4096K), 2 survivors (4096K)
 Metaspace       used 46300K, committed 46784K, reserved 1114112K
  class space    used 6023K, committed 6272K, reserved 1048576K
}
Event: 4.192 GC heap before
{Heap before GC invocations=13 (full 0):
 garbage-first heap   total 55296K, used 40057K [0x0000000702000000, 0x0000000800000000)
  region size 2048K, 11 young (22528K), 2 survivors (4096K)
 Metaspace       used 51232K, committed 51712K, reserved 1114112K
  class space    used 6880K, committed 7104K, reserved 1048576K
}
Event: 4.194 GC heap after
{Heap after GC invocations=14 (full 0):
 garbage-first heap   total 55296K, used 22042K [0x0000000702000000, 0x0000000800000000)
  region size 2048K, 1 young (2048K), 1 survivors (2048K)
 Metaspace       used 51232K, committed 51712K, reserved 1114112K
  class space    used 6880K, committed 7104K, reserved 1048576K
}
Event: 4.348 GC heap before
{Heap before GC invocations=14 (full 0):
 garbage-first heap   total 55296K, used 42522K [0x0000000702000000, 0x0000000800000000)
  region size 2048K, 11 young (22528K), 1 survivors (2048K)
 Metaspace       used 52439K, committed 52928K, reserved 1114112K
  class space    used 7028K, committed 7296K, reserved 1048576K
}
Event: 4.349 GC heap after
{Heap after GC invocations=15 (full 0):
 garbage-first heap   total 55296K, used 22285K [0x0000000702000000, 0x0000000800000000)
  region size 2048K, 1 young (2048K), 1 survivors (2048K)
 Metaspace       used 52439K, committed 52928K, reserved 1114112K
  class space    used 7028K, committed 7296K, reserved 1048576K
}
Event: 4.659 GC heap before
{Heap before GC invocations=15 (full 0):
 garbage-first heap   total 55296K, used 42765K [0x0000000702000000, 0x0000000800000000)
  region size 2048K, 12 young (24576K), 1 survivors (2048K)
 Metaspace       used 55876K, committed 56384K, reserved 1114112K
  class space    used 7565K, committed 7808K, reserved 1048576K
}
Event: 4.660 GC heap after
{Heap after GC invocations=16 (full 0):
 garbage-first heap   total 55296K, used 23671K [0x0000000702000000, 0x0000000800000000)
  region size 2048K, 2 young (4096K), 2 survivors (4096K)
 Metaspace       used 55876K, committed 56384K, reserved 1114112K
  class space    used 7565K, committed 7808K, reserved 1048576K
}
Event: 5.004 GC heap before
{Heap before GC invocations=16 (full 0):
 garbage-first heap   total 55296K, used 44151K [0x0000000702000000, 0x0000000800000000)
  region size 2048K, 12 young (24576K), 2 survivors (4096K)
 Metaspace       used 58883K, committed 59456K, reserved 1114112K
  class space    used 7906K, committed 8192K, reserved 1048576K
}
Event: 5.007 GC heap after
{Heap after GC invocations=17 (full 0):
 garbage-first heap   total 55296K, used 25814K [0x0000000702000000, 0x0000000800000000)
  region size 2048K, 2 young (4096K), 2 survivors (4096K)
 Metaspace       used 58883K, committed 59456K, reserved 1114112K
  class space    used 7906K, committed 8192K, reserved 1048576K
}
Event: 5.135 GC heap before
{Heap before GC invocations=17 (full 0):
 garbage-first heap   total 55296K, used 44246K [0x0000000702000000, 0x0000000800000000)
  region size 2048K, 11 young (22528K), 2 survivors (4096K)
 Metaspace       used 59493K, committed 60032K, reserved 1114112K
  class space    used 7984K, committed 8256K, reserved 1048576K
}
Event: 5.136 GC heap after
{Heap after GC invocations=18 (full 0):
 garbage-first heap   total 55296K, used 26681K [0x0000000702000000, 0x0000000800000000)
  region size 2048K, 2 young (4096K), 2 survivors (4096K)
 Metaspace       used 59493K, committed 60032K, reserved 1114112K
  class space    used 7984K, committed 8256K, reserved 1048576K
}
Event: 5.188 GC heap before
{Heap before GC invocations=18 (full 0):
 garbage-first heap   total 55296K, used 43065K [0x0000000702000000, 0x0000000800000000)
  region size 2048K, 10 young (20480K), 2 survivors (4096K)
 Metaspace       used 59596K, committed 60160K, reserved 1114112K
  class space    used 7990K, committed 8256K, reserved 1048576K
}
Event: 5.189 GC heap after
{Heap after GC invocations=19 (full 0):
 garbage-first heap   total 55296K, used 26899K [0x0000000702000000, 0x0000000800000000)
  region size 2048K, 1 young (2048K), 1 survivors (2048K)
 Metaspace       used 59596K, committed 60160K, reserved 1114112K
  class space    used 7990K, committed 8256K, reserved 1048576K
}
Event: 5.232 GC heap before
{Heap before GC invocations=19 (full 0):
 garbage-first heap   total 55296K, used 41235K [0x0000000702000000, 0x0000000800000000)
  region size 2048K, 9 young (18432K), 1 survivors (2048K)
 Metaspace       used 59733K, committed 60288K, reserved 1114112K
  class space    used 8001K, committed 8256K, reserved 1048576K
}
Event: 5.233 GC heap after
{Heap after GC invocations=20 (full 0):
 garbage-first heap   total 55296K, used 27118K [0x0000000702000000, 0x0000000800000000)
  region size 2048K, 1 young (2048K), 1 survivors (2048K)
 Metaspace       used 59733K, committed 60288K, reserved 1114112K
  class space    used 8001K, committed 8256K, reserved 1048576K
}
Event: 5.291 GC heap before
{Heap before GC invocations=21 (full 0):
 garbage-first heap   total 59392K, used 43502K [0x0000000702000000, 0x0000000800000000)
  region size 2048K, 9 young (18432K), 1 survivors (2048K)
 Metaspace       used 59834K, committed 60416K, reserved 1114112K
  class space    used 8008K, committed 8256K, reserved 1048576K
}
Event: 5.292 GC heap after
{Heap after GC invocations=22 (full 0):
 garbage-first heap   total 59392K, used 27485K [0x0000000702000000, 0x0000000800000000)
  region size 2048K, 1 young (2048K), 1 survivors (2048K)
 Metaspace       used 59834K, committed 60416K, reserved 1114112K
  class space    used 8008K, committed 8256K, reserved 1048576K
}
Event: 5.338 GC heap before
{Heap before GC invocations=22 (full 0):
 garbage-first heap   total 59392K, used 47965K [0x0000000702000000, 0x0000000800000000)
  region size 2048K, 11 young (22528K), 1 survivors (2048K)
 Metaspace       used 60013K, committed 60608K, reserved 1114112K
  class space    used 8027K, committed 8320K, reserved 1048576K
}
Event: 5.338 GC heap after
{Heap after GC invocations=23 (full 0):
 garbage-first heap   total 59392K, used 27883K [0x0000000702000000, 0x0000000800000000)
  region size 2048K, 2 young (4096K), 2 survivors (4096K)
 Metaspace       used 60013K, committed 60608K, reserved 1114112K
  class space    used 8027K, committed 8320K, reserved 1048576K
}
Event: 5.503 GC heap before
{Heap before GC invocations=23 (full 0):
 garbage-first heap   total 59392K, used 46315K [0x0000000702000000, 0x0000000800000000)
  region size 2048K, 11 young (22528K), 2 survivors (4096K)
 Metaspace       used 60960K, committed 61504K, reserved 1114112K
  class space    used 8212K, committed 8448K, reserved 1048576K
}

Deoptimization events (20 events):
Event: 5.483 Thread 0x0000018afd937400 Uncommon trap: trap_request=0xffffffde fr.pc=0x0000018ae4902acc relative=0x00000000000000ac
Event: 5.483 Thread 0x0000018afd937400 Uncommon trap: reason=class_check action=maybe_recompile pc=0x0000018ae4902acc method=org.springframework.util.ObjectUtils.nullSafeHashCode(Ljava/lang/Object;)I @ 17 c2
Event: 5.483 Thread 0x0000018afd937400 DEOPT PACKING pc=0x0000018ae4902acc sp=0x0000003e29efd060
Event: 5.483 Thread 0x0000018afd937400 DEOPT UNPACKING pc=0x0000018ae42123a3 sp=0x0000003e29efcff8 mode 2
Event: 5.495 Thread 0x0000018afd937400 Uncommon trap: trap_request=0xffffffc6 fr.pc=0x0000018ae49d9d54 relative=0x0000000000000714
Event: 5.495 Thread 0x0000018afd937400 Uncommon trap: reason=bimorphic_or_optimized_type_check action=maybe_recompile pc=0x0000018ae49d9d54 method=org.springframework.core.annotation.AnnotationsScanner.processClassHierarchy(Ljava/lang/Object;[ILjava/lang/Class;Lorg/springframework/core/annotat
Event: 5.495 Thread 0x0000018afd937400 DEOPT PACKING pc=0x0000018ae49d9d54 sp=0x0000003e29efd350
Event: 5.495 Thread 0x0000018afd937400 DEOPT UNPACKING pc=0x0000018ae42123a3 sp=0x0000003e29efd338 mode 2
Event: 5.495 Thread 0x0000018afd937400 Uncommon trap: trap_request=0xffffffc6 fr.pc=0x0000018ae49d9d54 relative=0x0000000000000714
Event: 5.495 Thread 0x0000018afd937400 Uncommon trap: reason=bimorphic_or_optimized_type_check action=maybe_recompile pc=0x0000018ae49d9d54 method=org.springframework.core.annotation.AnnotationsScanner.processClassHierarchy(Ljava/lang/Object;[ILjava/lang/Class;Lorg/springframework/core/annotat
Event: 5.495 Thread 0x0000018afd937400 DEOPT PACKING pc=0x0000018ae49d9d54 sp=0x0000003e29efd250
Event: 5.495 Thread 0x0000018afd937400 DEOPT UNPACKING pc=0x0000018ae42123a3 sp=0x0000003e29efd268 mode 2
Event: 5.495 Thread 0x0000018afd937400 Uncommon trap: trap_request=0xffffffc6 fr.pc=0x0000018ae49d9d54 relative=0x0000000000000714
Event: 5.495 Thread 0x0000018afd937400 Uncommon trap: reason=bimorphic_or_optimized_type_check action=maybe_recompile pc=0x0000018ae49d9d54 method=org.springframework.core.annotation.AnnotationsScanner.processClassHierarchy(Ljava/lang/Object;[ILjava/lang/Class;Lorg/springframework/core/annotat
Event: 5.495 Thread 0x0000018afd937400 DEOPT PACKING pc=0x0000018ae49d9d54 sp=0x0000003e29efd180
Event: 5.495 Thread 0x0000018afd937400 DEOPT UNPACKING pc=0x0000018ae42123a3 sp=0x0000003e29efd198 mode 2
Event: 5.495 Thread 0x0000018afd937400 Uncommon trap: trap_request=0xffffffc6 fr.pc=0x0000018ae49d9d54 relative=0x0000000000000714
Event: 5.495 Thread 0x0000018afd937400 Uncommon trap: reason=bimorphic_or_optimized_type_check action=maybe_recompile pc=0x0000018ae49d9d54 method=org.springframework.core.annotation.AnnotationsScanner.processClassHierarchy(Ljava/lang/Object;[ILjava/lang/Class;Lorg/springframework/core/annotat
Event: 5.495 Thread 0x0000018afd937400 DEOPT PACKING pc=0x0000018ae49d9d54 sp=0x0000003e29efd350
Event: 5.495 Thread 0x0000018afd937400 DEOPT UNPACKING pc=0x0000018ae42123a3 sp=0x0000003e29efd338 mode 2

Classes unloaded (0 events):
No events

Classes redefined (0 events):
No events

Internal exceptions (20 events):
Event: 4.487 Thread 0x0000018afd937400 Exception <a 'java/lang/NoSuchMethodError'{0x0000000704a9eb08}: 'java.lang.Object java.lang.invoke.DirectMethodHandle$Holder.newInvokeSpecial(java.lang.Object, java.lang.Object, int, java.lang.Object)'> (0x0000000704a9eb08) 
thrown [s\open\src\hotspot\share\interpreter\linkResolver.cpp, line 759]
Event: 4.488 Thread 0x0000018afd937400 Exception <a 'java/lang/NoSuchMethodError'{0x0000000704aa26d0}: 'java.lang.Object java.lang.invoke.Invokers$Holder.linkToTargetMethod(java.lang.Object, int, java.lang.Object, java.lang.Object)'> (0x0000000704aa26d0) 
thrown [s\open\src\hotspot\share\interpreter\linkResolver.cpp, line 759]
Event: 4.496 Thread 0x0000018afd937400 Exception <a 'java/lang/NoSuchMethodError'{0x0000000704b63ba0}: 'java.lang.Object java.lang.invoke.DirectMethodHandle$Holder.newInvokeSpecial(java.lang.Object, java.lang.Object, int)'> (0x0000000704b63ba0) 
thrown [s\open\src\hotspot\share\interpreter\linkResolver.cpp, line 759]
Event: 4.497 Thread 0x0000018afd937400 Exception <a 'java/lang/IncompatibleClassChangeError'{0x0000000704b67868}: Found class java.lang.Object, but interface was expected> (0x0000000704b67868) 
thrown [s\open\src\hotspot\share\interpreter\linkResolver.cpp, line 826]
Event: 4.515 Thread 0x0000018afd937400 Exception <a 'java/lang/NoSuchMethodError'{0x00000007048f5418}: 'int java.lang.invoke.DirectMethodHandle$Holder.invokeStatic(java.lang.Object, int, java.lang.Object)'> (0x00000007048f5418) 
thrown [s\open\src\hotspot\share\interpreter\linkResolver.cpp, line 759]
Event: 4.516 Thread 0x0000018afd937400 Exception <a 'java/lang/NoSuchMethodError'{0x0000000704917350}: 'java.lang.Object java.lang.invoke.DirectMethodHandle$Holder.newInvokeSpecial(java.lang.Object, java.lang.Object, java.lang.Object, java.lang.Object, java.lang.Object, int, java.lang.Object)'> (0x0000000704917350) 
thrown [s\open\src\hotspot\share\interpreter\linkResolver.cpp, line 759]
Event: 4.520 Thread 0x0000018afd937400 Exception <a 'java/lang/NoSuchMethodError'{0x000000070495aab0}: 'java.lang.Object java.lang.invoke.DirectMethodHandle$Holder.newInvokeSpecial(java.lang.Object, java.lang.Object, java.lang.Object, java.lang.Object, java.lang.Object, java.lang.Object, java.lang.Object, java.lang.Object, java.lang.Object, java.lang.Object, java.lang.Object, java.lang.Object)'> (0x000000070495aab0) 
thrown [s\open\src\hotspot\share\interpreter\linkResolver.cpp, line 759]
Event: 4.520 Thread 0x0000018afd937400 Exception <a 'java/lang/NoSuchMethodError'{0x000000070495f548}: 'java.lang.Object java.lang.invoke.DirectMethodHandle$Holder.invokeSpecial(java.lang.Object, java.lang.Object, java.lang.Object, java.lang.Object, java.lang.Object, java.lang.Object, java.lang.Object, java.lang.Object, java.lang.Object, java.lang.Object, java.lang.Object, java.lang.Object, java.lang.Object)'> (0x000000070495f548) 
thrown [s\open\src\hotspot\share\interpreter\linkResolver.cpp, line 759]
Event: 4.520 Thread 0x0000018afd937400 Exception <a 'java/lang/NoSuchMethodError'{0x0000000704963c60}: 'java.lang.Object java.lang.invoke.Invokers$Holder.linkToTargetMethod(java.lang.Object, java.lang.Object, java.lang.Object, java.lang.Object, java.lang.Object, java.lang.Object, java.lang.Object, java.lang.Object, java.lang.Object, java.lang.Object, java.lang.Object, java.lang.Object)'> (0x0000000704963c60) 
thrown [s\open\src\hotspot\share\interpreter\linkResolver.cpp, line 759]
Event: 4.555 Thread 0x0000018afd937400 Exception <a 'java/lang/NoSuchMethodError'{0x000000070446aa88}: 'java.lang.Object java.lang.invoke.DirectMethodHandle$Holder.newInvokeSpecial(java.lang.Object, java.lang.Object, int, java.lang.Object, int, java.lang.Object, java.lang.Object)'> (0x000000070446aa88) 
thrown [s\open\src\hotspot\share\interpreter\linkResolver.cpp, line 759]
Event: 4.565 Thread 0x0000018afd937400 Exception <a 'java/lang/NoSuchMethodError'{0x000000070453f388}: 'java.lang.Object java.lang.invoke.DirectMethodHandle$Holder.newInvokeSpecial(java.lang.Object, java.lang.Object, java.lang.Object, java.lang.Object, java.lang.Object, java.lang.Object, java.lang.Object, int)'> (0x000000070453f388) 
thrown [s\open\src\hotspot\share\interpreter\linkResolver.cpp, line 759]
Event: 4.565 Thread 0x0000018afd937400 Exception <a 'java/lang/NoSuchMethodError'{0x0000000704544628}: 'java.lang.Object java.lang.invoke.DirectMethodHandle$Holder.invokeSpecial(java.lang.Object, java.lang.Object, java.lang.Object, java.lang.Object, java.lang.Object, java.lang.Object, java.lang.Object, java.lang.Object, int)'> (0x0000000704544628) 
thrown [s\open\src\hotspot\share\interpreter\linkResolver.cpp, line 759]
Event: 4.566 Thread 0x0000018afd937400 Exception <a 'java/lang/NoSuchMethodError'{0x00000007045490f0}: 'java.lang.Object java.lang.invoke.Invokers$Holder.linkToTargetMethod(java.lang.Object, java.lang.Object, java.lang.Object, java.lang.Object, java.lang.Object, java.lang.Object, int, java.lang.Object)'> (0x00000007045490f0) 
thrown [s\open\src\hotspot\share\interpreter\linkResolver.cpp, line 759]
Event: 4.570 Thread 0x0000018afd937400 Implicit null exception at 0x0000018ae4a76893 to 0x0000018ae4a769dc
Event: 4.592 Thread 0x0000018afd937400 Exception <a 'java/lang/NoSuchMethodError'{0x00000007042df650}: 'void java.lang.invoke.DirectMethodHandle$Holder.invokeInterface(java.lang.Object, java.lang.Object)'> (0x00000007042df650) 
thrown [s\open\src\hotspot\share\interpreter\linkResolver.cpp, line 759]
Event: 4.865 Thread 0x0000018afd937400 Exception <a 'java/lang/IncompatibleClassChangeError'{0x0000000704a19210}: Found class java.lang.Object, but interface was expected> (0x0000000704a19210) 
thrown [s\open\src\hotspot\share\interpreter\linkResolver.cpp, line 826]
Event: 4.875 Thread 0x0000018afd937400 Exception <a 'java/lang/IncompatibleClassChangeError'{0x0000000704aa05d8}: Found class java.lang.Object, but interface was expected> (0x0000000704aa05d8) 
thrown [s\open\src\hotspot\share\interpreter\linkResolver.cpp, line 826]
Event: 4.899 Thread 0x0000018afd937400 Exception <a 'java/lang/IncompatibleClassChangeError'{0x0000000704841158}: Found class java.lang.Object, but interface was expected> (0x0000000704841158) 
thrown [s\open\src\hotspot\share\interpreter\linkResolver.cpp, line 826]
Event: 5.059 Thread 0x0000018afd937400 Exception <a 'java/lang/IncompatibleClassChangeError'{0x000000070ca98088}: Found class java.lang.Object, but interface was expected> (0x000000070ca98088) 
thrown [s\open\src\hotspot\share\interpreter\linkResolver.cpp, line 826]
Event: 5.380 Thread 0x0000018afd937400 Exception <a 'java/lang/IncompatibleClassChangeError'{0x000000070c7b8658}: Found class java.lang.Object, but interface was expected> (0x000000070c7b8658) 
thrown [s\open\src\hotspot\share\interpreter\linkResolver.cpp, line 826]

VM Operations (20 events):
Event: 5.256 Executing VM operation: G1Concurrent done
Event: 5.291 Executing VM operation: G1CollectForAllocation
Event: 5.292 Executing VM operation: G1CollectForAllocation done
Event: 5.338 Executing VM operation: G1CollectForAllocation
Event: 5.338 Executing VM operation: G1CollectForAllocation done
Event: 5.445 Executing VM operation: HandshakeAllThreads
Event: 5.445 Executing VM operation: HandshakeAllThreads done
Event: 5.464 Executing VM operation: HandshakeAllThreads
Event: 5.464 Executing VM operation: HandshakeAllThreads done
Event: 5.464 Executing VM operation: HandshakeAllThreads
Event: 5.464 Executing VM operation: HandshakeAllThreads done
Event: 5.475 Executing VM operation: HandshakeAllThreads
Event: 5.475 Executing VM operation: HandshakeAllThreads done
Event: 5.493 Executing VM operation: ICBufferFull
Event: 5.493 Executing VM operation: ICBufferFull done
Event: 5.497 Executing VM operation: HandshakeAllThreads
Event: 5.497 Executing VM operation: HandshakeAllThreads done
Event: 5.497 Executing VM operation: HandshakeAllThreads
Event: 5.497 Executing VM operation: HandshakeAllThreads done
Event: 5.503 Executing VM operation: G1CollectForAllocation

Events (20 events):
Event: 5.370 loading class sun/reflect/ReflectionFactory done
Event: 5.370 loading class sun/reflect/ReflectionFactory$1
Event: 5.370 loading class sun/reflect/ReflectionFactory$1 done
Event: 5.370 loading class java/io/OptionalDataException
Event: 5.370 loading class java/io/OptionalDataException done
Event: 5.370 loading class jdk/internal/reflect/SerializationConstructorAccessorImpl
Event: 5.370 loading class jdk/internal/reflect/SerializationConstructorAccessorImpl done
Event: 5.409 loading class java/time/DurationEditor
Event: 5.409 loading class java/time/DurationEditor done
Event: 5.410 loading class java/util/regex/Pattern$1
Event: 5.410 loading class java/util/regex/Pattern$1 done
Event: 5.439 loading class java/nio/charset/UnsupportedCharsetException
Event: 5.439 loading class java/nio/charset/UnsupportedCharsetException done
Event: 5.464 loading class java/util/ArrayList$ListItr
Event: 5.464 loading class java/util/ArrayList$ListItr done
Event: 5.470 Thread 0x0000018af86a82f0 flushing nmethod 0x0000018add3f8d90
Event: 5.489 loading class java/util/Comparators$NullComparator
Event: 5.489 loading class java/util/Comparators$NullComparator done
Event: 5.500 loading class java/util/HashMap$EntrySpliterator
Event: 5.500 loading class java/util/HashMap$EntrySpliterator done


Dynamic libraries:
0x00007ff7b10d0000 - 0x00007ff7b10e0000 	C:\Program Files\Java\jdk-17\bin\java.exe
0x00007ffb4da10000 - 0x00007ffb4dc08000 	C:\Windows\SYSTEM32\ntdll.dll
0x00007ffb4d3a0000 - 0x00007ffb4d45d000 	C:\Windows\System32\KERNEL32.DLL
0x00007ffb4b5a0000 - 0x00007ffb4b896000 	C:\Windows\System32\KERNELBASE.dll
0x00007ffb4b0c0000 - 0x00007ffb4b1c0000 	C:\Windows\System32\ucrtbase.dll
0x00007ffb292d0000 - 0x00007ffb292e9000 	C:\Program Files\Java\jdk-17\bin\jli.dll
0x00007ffb2b420000 - 0x00007ffb2b43b000 	C:\Program Files\Java\jdk-17\bin\VCRUNTIME140.dll
0x00007ffb4c590000 - 0x00007ffb4c640000 	C:\Windows\System32\ADVAPI32.dll
0x00007ffb4c640000 - 0x00007ffb4c6de000 	C:\Windows\System32\msvcrt.dll
0x00007ffb4c740000 - 0x00007ffb4c7e0000 	C:\Windows\System32\sechost.dll
0x00007ffb4c890000 - 0x00007ffb4c9b3000 	C:\Windows\System32\RPCRT4.dll
0x00007ffb4b8a0000 - 0x00007ffb4b8c7000 	C:\Windows\System32\bcrypt.dll
0x00007ffb4ca50000 - 0x00007ffb4cbef000 	C:\Windows\System32\USER32.dll
0x00007ffb4b270000 - 0x00007ffb4b292000 	C:\Windows\System32\win32u.dll
0x00007ffb4c3b0000 - 0x00007ffb4c3db000 	C:\Windows\System32\GDI32.dll
0x00007ffb4b8d0000 - 0x00007ffb4b9e7000 	C:\Windows\System32\gdi32full.dll
0x00007ffb30120000 - 0x00007ffb303ba000 	C:\Windows\WinSxS\amd64_microsoft.windows.common-controls_6595b64144ccf1df_6.0.19041.3636_none_60b6a03d71f818d5\COMCTL32.dll
0x00007ffb4b400000 - 0x00007ffb4b49d000 	C:\Windows\System32\msvcp_win.dll
0x00007ffb45dd0000 - 0x00007ffb45dda000 	C:\Windows\SYSTEM32\VERSION.dll
0x00007ffb4d360000 - 0x00007ffb4d392000 	C:\Windows\System32\IMM32.DLL
0x00007ffb33810000 - 0x00007ffb3381c000 	C:\Program Files\Java\jdk-17\bin\vcruntime140_1.dll
0x00007ffad4510000 - 0x00007ffad459e000 	C:\Program Files\Java\jdk-17\bin\msvcp140.dll
0x00007ffac7ad0000 - 0x00007ffac86ae000 	C:\Program Files\Java\jdk-17\bin\server\jvm.dll
0x00007ffb4c0b0000 - 0x00007ffb4c0b8000 	C:\Windows\System32\PSAPI.DLL
0x00007ffb3c980000 - 0x00007ffb3c9a7000 	C:\Windows\SYSTEM32\WINMM.dll
0x00007ffb48810000 - 0x00007ffb48819000 	C:\Windows\SYSTEM32\WSOCK32.dll
0x00007ffb4d460000 - 0x00007ffb4d4cb000 	C:\Windows\System32\WS2_32.dll
0x00007ffb48f70000 - 0x00007ffb48f82000 	C:\Windows\SYSTEM32\kernel.appcore.dll
0x00007ffb30a20000 - 0x00007ffb30a2a000 	C:\Program Files\Java\jdk-17\bin\jimage.dll
0x00007ffb42230000 - 0x00007ffb42414000 	C:\Windows\SYSTEM32\DBGHELP.DLL
0x00007ffb31e40000 - 0x00007ffb31e74000 	C:\Windows\SYSTEM32\dbgcore.DLL
0x00007ffb4b510000 - 0x00007ffb4b592000 	C:\Windows\System32\bcryptPrimitives.dll
0x00007ffb26db0000 - 0x00007ffb26dd5000 	C:\Program Files\Java\jdk-17\bin\java.dll
0x00007ffac79f0000 - 0x00007ffac7ac7000 	C:\Program Files\Java\jdk-17\bin\jsvml.dll
0x00007ffb4cbf0000 - 0x00007ffb4d35b000 	C:\Windows\System32\SHELL32.dll
0x00007ffb49170000 - 0x00007ffb4990e000 	C:\Windows\SYSTEM32\windows.storage.dll
0x00007ffb4d5a0000 - 0x00007ffb4d8f3000 	C:\Windows\System32\combase.dll
0x00007ffb4aa20000 - 0x00007ffb4aa4e000 	C:\Windows\SYSTEM32\Wldp.dll
0x00007ffb4d4d0000 - 0x00007ffb4d59d000 	C:\Windows\System32\OLEAUT32.dll
0x00007ffb4c7e0000 - 0x00007ffb4c88d000 	C:\Windows\System32\SHCORE.dll
0x00007ffb4c6e0000 - 0x00007ffb4c735000 	C:\Windows\System32\shlwapi.dll
0x00007ffb4aff0000 - 0x00007ffb4b013000 	C:\Windows\SYSTEM32\profapi.dll
0x00007ffb27810000 - 0x00007ffb27829000 	C:\Program Files\Java\jdk-17\bin\net.dll
0x00007ffb41cf0000 - 0x00007ffb41dfa000 	C:\Windows\SYSTEM32\WINHTTP.dll
0x00007ffb4a780000 - 0x00007ffb4a7ea000 	C:\Windows\system32\mswsock.dll
0x00007ffb27310000 - 0x00007ffb27326000 	C:\Program Files\Java\jdk-17\bin\nio.dll
0x00007ffb27130000 - 0x00007ffb27148000 	C:\Program Files\Java\jdk-17\bin\zip.dll
0x00007ffb2f530000 - 0x00007ffb2f53a000 	C:\Program Files\Java\jdk-17\bin\management.dll
0x00007ffb2f520000 - 0x00007ffb2f52b000 	C:\Program Files\Java\jdk-17\bin\management_ext.dll
0x00007ffb2f510000 - 0x00007ffb2f51e000 	C:\Program Files\Java\jdk-17\bin\sunmscapi.dll
0x00007ffb4b2a0000 - 0x00007ffb4b3fe000 	C:\Windows\System32\CRYPT32.dll
0x00007ffb4aa90000 - 0x00007ffb4aab8000 	C:\Windows\SYSTEM32\ncrypt.dll
0x00007ffb4aa50000 - 0x00007ffb4aa8b000 	C:\Windows\SYSTEM32\NTASN1.dll
0x00007ffb4a980000 - 0x00007ffb4a998000 	C:\Windows\SYSTEM32\CRYPTSP.dll
0x00007ffb4a0a0000 - 0x00007ffb4a0d4000 	C:\Windows\system32\rsaenh.dll
0x00007ffb4afb0000 - 0x00007ffb4afde000 	C:\Windows\SYSTEM32\USERENV.dll
0x00007ffb4a970000 - 0x00007ffb4a97c000 	C:\Windows\SYSTEM32\CRYPTBASE.dll
0x00007ffb4a460000 - 0x00007ffb4a49b000 	C:\Windows\SYSTEM32\IPHLPAPI.DLL
0x00007ffb4ba50000 - 0x00007ffb4ba58000 	C:\Windows\System32\NSI.dll
0x00007ffb42550000 - 0x00007ffb42567000 	C:\Windows\SYSTEM32\dhcpcsvc6.DLL
0x00007ffb42530000 - 0x00007ffb4254d000 	C:\Windows\SYSTEM32\dhcpcsvc.DLL
0x00007ffb4a4a0000 - 0x00007ffb4a56b000 	C:\Windows\SYSTEM32\DNSAPI.dll
0x00007ffb2b240000 - 0x00007ffb2b250000 	C:\Program Files\Java\jdk-17\bin\verify.dll

dbghelp: loaded successfully - version: 4.0.5 - missing functions: none
symbol engine: initialized successfully - sym options: 0x614 - pdb path: .;C:\Program Files\Java\jdk-17\bin;C:\Windows\SYSTEM32;C:\Windows\WinSxS\amd64_microsoft.windows.common-controls_6595b64144ccf1df_6.0.19041.3636_none_60b6a03d71f818d5;C:\Program Files\Java\jdk-17\bin\server

VM Arguments:
jvm_args: -Dfile.encoding=windows-1252 -Duser.country=AR -Duser.language=es -Duser.variant 
java_command: com.example.BackEndElBuenSabor.BackEndElBuenSaborApplication
java_class_path (initial): C:\Users\Usuario\Desktop\TECNICATURA SUPERIOR EN PROGRAMACION\CUARTO SEMESTRE\METODOLOGIA DE SISTEMAS\EL BUEN SABOR - PROYECTO\BackEnd-El-Buen-Sabor\build\classes\java\main;C:\Users\Usuario\Desktop\TECNICATURA SUPERIOR EN PROGRAMACION\CUARTO SEMESTRE\METODOLOGIA DE SISTEMAS\EL BUEN SABOR - PROYECTO\BackEnd-El-Buen-Sabor\build\resources\main;C:\Users\Usuario\.gradle\caches\modules-2\files-2.1\org.springframework.boot\spring-boot-devtools\3.2.4\ccd261700a4ff8e8f629a4d267f0b4f53ca17897\spring-boot-devtools-3.2.4.jar;C:\Users\Usuario\.gradle\caches\modules-2\files-2.1\org.springframework.boot\spring-boot-starter-data-jpa\3.2.4\d8c5f393d9b18d96021b3e02d80e4356c5cbe0f7\spring-boot-starter-data-jpa-3.2.4.jar;C:\Users\Usuario\.gradle\caches\modules-2\files-2.1\org.springframework.boot\spring-boot-starter-web\3.2.4\a74df12b71060da7c8e87f9a8c2ef4ea43fc8017\spring-boot-starter-web-3.2.4.jar;C:\Users\Usuario\.gradle\caches\modules-2\files-2.1\org.mapstruct\mapstruct\1.5.5.Final\2ca3cbe39b6e9ea8d5ea521965a89bef2a1e8eeb\mapstruct-1.5.5.Final.jar;C:\Users\Usuario\.gradle\caches\modules-2\files-2.1\com.h2database\h2\2.2.224\7bdade27d8cd197d9b5ce9dc251f41d2edc5f7ad\h2-2.2.224.jar;C:\Users\Usuario\.gradle\caches\modules-2\files-2.1\org.springframework.boot\spring-boot-starter-aop\3.2.4\11aedc0a23c43947608f2122eed08eabe5e2994c\spring-boot-starter-aop-3.2.4.jar;C:\Users\Usuario\.gradle\caches\modules-2\files-2.1\org.springframework.boot\spring-boot-starter-jdbc\3.2.4\7dd399e7ba19d62cae32be6e20edac37ff8fcbc0\spring-boot-starter-jdbc-3.2.4.jar;C:\Users\Usuario\.gradle\caches\modules-2\files-2.1\org.springframework.boot\spring-boot-starter-json\3.2.4\ef3f72369ce7f6f7a7b02c0b23e60ef5bdf581b1\spring-boot-starter-json-3.2.4.jar;C:\Users\Usuario\.gradle\caches\modules-2\files-2.1\org.springframework.boot\spring-boot-starter\3.2.4\842cf7f0ed2ecfef3011f3191fc53c59ceed752\spring-boot-starter-3.2.4.jar;C:\Users\Usuario\.gradle\caches\modules-2\files-2.1\org.springfram
Launcher Type: SUN_STANDARD

[Global flags]
     intx CICompilerCount                          = 4                                         {product} {ergonomic}
     uint ConcGCThreads                            = 3                                         {product} {ergonomic}
     uint G1ConcRefinementThreads                  = 10                                        {product} {ergonomic}
   size_t G1HeapRegionSize                         = 2097152                                   {product} {ergonomic}
    uintx GCDrainStackTargetSize                   = 64                                        {product} {ergonomic}
   size_t InitialHeapSize                          = 266338304                                 {product} {ergonomic}
   size_t MarkStackSize                            = 4194304                                   {product} {ergonomic}
   size_t MaxHeapSize                              = 4261412864                                {product} {ergonomic}
   size_t MaxNewSize                               = 2556428288                                {product} {ergonomic}
   size_t MinHeapDeltaBytes                        = 2097152                                   {product} {ergonomic}
   size_t MinHeapSize                              = 8388608                                   {product} {ergonomic}
    uintx NonNMethodCodeHeapSize                   = 5839372                                {pd product} {ergonomic}
    uintx NonProfiledCodeHeapSize                  = 122909434                              {pd product} {ergonomic}
    uintx ProfiledCodeHeapSize                     = 122909434                              {pd product} {ergonomic}
    uintx ReservedCodeCacheSize                    = 251658240                              {pd product} {ergonomic}
     bool SegmentedCodeCache                       = true                                      {product} {ergonomic}
   size_t SoftMaxHeapSize                          = 4261412864                             {manageable} {ergonomic}
     bool UseCompressedClassPointers               = true                           {product lp64_product} {ergonomic}
     bool UseCompressedOops                        = true                           {product lp64_product} {ergonomic}
     bool UseG1GC                                  = true                                      {product} {ergonomic}
     bool UseLargePagesIndividualAllocation        = false                                  {pd product} {ergonomic}

Logging:
Log output configuration:
 #0: stdout all=warning uptime,level,tags
 #1: stderr all=off uptime,level,tags

Environment Variables:
PATH=C:\Program Files\Common Files\Oracle\Java\javapath;C:\Program Files (x86)\NVIDIA Corporation\PhysX\Common;C:\Program Files (x86)\Common Files\Oracle\Java\javapath;C:\ProgramData\Oracle\Java\javapath;C:\Windows\system32;C:\Windows;C:\Windows\System32\Wbem;C:\Windows\System32\WindowsPowerShell\v1.0\;C:\Windows\System32\OpenSSH\;C:\Program Files\Crucial\Crucial Storage Executive;C:\Program Files\Microsoft SQL Server\150\Tools\Binn\;C:\apache-maven-3.9.1\bin;C:\Program Files\dotnet\;C:\tool\gradle-8.3\bin;C:\Program Files\Microsoft SQL Server\Client SDK\ODBC\170\Tools\Binn\;C:\Program Files\Git\cmd;C:\Program Files\nodejs\;C:\ProgramData\chocolatey\bin;C:\Users\Usuario\.console-ninja\.bin;C:\Users\Usuario\AppData\Local\Microsoft\WindowsApps;C:\Users\Usuario\AppData\Local\Programs\Microsoft VS Code\bin;C:\Users\Usuario\.dotnet\tools;C:\Users\Usuario\AppData\Roaming\npm
USERNAME=Bruno
OS=Windows_NT
PROCESSOR_IDENTIFIER=AMD64 Family 25 Model 80 Stepping 0, AuthenticAMD



---------------  S Y S T E M  ---------------

OS:
 Windows 10 , 64 bit Build 19041 (10.0.19041.3636)
OS uptime: 0 days 8:57 hours

CPU: total 12 (initial active 12) (12 cores per cpu, 2 threads per core) family 25 model 80 stepping 0 microcode 0x0, cx8, cmov, fxsr, ht, mmx, 3dnowpref, sse, sse2, sse3, ssse3, sse4a, sse4.1, sse4.2, popcnt, lzcnt, tsc, tscinvbit, avx, avx2, aes, erms, clmul, bmi1, bmi2, adx, sha, fma, vzeroupper, clflush, clflushopt

Memory: 4k page, system-wide physical 16253M (6608M free)
TotalPageFile size 32637M (AvailPageFile size 71M)
current process WorkingSet (physical memory assigned to process): 260M, peak: 264M
current process commit charge ("private bytes"): 303M, peak: 419M

vm_info: Java HotSpot(TM) 64-Bit Server VM (17.0.8+9-LTS-211) for windows-amd64 JRE (17.0.8+9-LTS-211), built on Jun 14 2023 10:34:31 by "mach5one" with MS VC++ 17.1 (VS2022)

END.
